The system is: Linux - 5.0.0-16-generic - x86_64
Compiling the C compiler identification source file "CMakeCCompilerId.c" succeeded.
Compiler: /usr/bin/cc 
Build flags: ;-ffunction-sections;-fdata-sections;-fPIC;-m64
Id flags:  

The output was:
0


Compilation of the C compiler identification source "CMakeCCompilerId.c" produced "a.out"

The C compiler identification is GNU, found in "/home/marek/code/gary/zmq_comm/target/debug/build/zmq-sys-66865d2f789d4582/out/build/CMakeFiles/3.13.4/CompilerIdC/a.out"

Compiling the CXX compiler identification source file "CMakeCXXCompilerId.cpp" succeeded.
Compiler: /usr/bin/c++ 
Build flags: ;-ffunction-sections;-fdata-sections;-fPIC;-m64
Id flags:  

The output was:
0


Compilation of the CXX compiler identification source "CMakeCXXCompilerId.cpp" produced "a.out"

The CXX compiler identification is GNU, found in "/home/marek/code/gary/zmq_comm/target/debug/build/zmq-sys-66865d2f789d4582/out/build/CMakeFiles/3.13.4/CompilerIdCXX/a.out"

Determining if the C compiler works passed with the following output:
Change Dir: /home/marek/code/gary/zmq_comm/target/debug/build/zmq-sys-66865d2f789d4582/out/build/CMakeFiles/CMakeTmp

Run Build Command:"/usr/bin/make" "cmTC_5d0c0/fast"
/usr/bin/make -f CMakeFiles/cmTC_5d0c0.dir/build.make CMakeFiles/cmTC_5d0c0.dir/build
make[1]: Entering directory '/home/marek/code/gary/zmq_comm/target/debug/build/zmq-sys-66865d2f789d4582/out/build/CMakeFiles/CMakeTmp'
Building C object CMakeFiles/cmTC_5d0c0.dir/testCCompiler.c.o
/usr/bin/cc   -ffunction-sections -fdata-sections -fPIC -m64    -o CMakeFiles/cmTC_5d0c0.dir/testCCompiler.c.o   -c /home/marek/code/gary/zmq_comm/target/debug/build/zmq-sys-66865d2f789d4582/out/build/CMakeFiles/CMakeTmp/testCCompiler.c
Linking C executable cmTC_5d0c0
/usr/bin/cmake -E cmake_link_script CMakeFiles/cmTC_5d0c0.dir/link.txt --verbose=1
/usr/bin/cc  -ffunction-sections -fdata-sections -fPIC -m64     -rdynamic CMakeFiles/cmTC_5d0c0.dir/testCCompiler.c.o  -o cmTC_5d0c0 
make[1]: Leaving directory '/home/marek/code/gary/zmq_comm/target/debug/build/zmq-sys-66865d2f789d4582/out/build/CMakeFiles/CMakeTmp'


Detecting C compiler ABI info compiled with the following output:
Change Dir: /home/marek/code/gary/zmq_comm/target/debug/build/zmq-sys-66865d2f789d4582/out/build/CMakeFiles/CMakeTmp

Run Build Command:"/usr/bin/make" "cmTC_c7ccb/fast"
/usr/bin/make -f CMakeFiles/cmTC_c7ccb.dir/build.make CMakeFiles/cmTC_c7ccb.dir/build
make[1]: Entering directory '/home/marek/code/gary/zmq_comm/target/debug/build/zmq-sys-66865d2f789d4582/out/build/CMakeFiles/CMakeTmp'
Building C object CMakeFiles/cmTC_c7ccb.dir/CMakeCCompilerABI.c.o
/usr/bin/cc   -ffunction-sections -fdata-sections -fPIC -m64    -o CMakeFiles/cmTC_c7ccb.dir/CMakeCCompilerABI.c.o   -c /usr/share/cmake-3.13/Modules/CMakeCCompilerABI.c
Linking C executable cmTC_c7ccb
/usr/bin/cmake -E cmake_link_script CMakeFiles/cmTC_c7ccb.dir/link.txt --verbose=1
/usr/bin/cc  -ffunction-sections -fdata-sections -fPIC -m64    -v -rdynamic CMakeFiles/cmTC_c7ccb.dir/CMakeCCompilerABI.c.o  -o cmTC_c7ccb 
Using built-in specs.
COLLECT_GCC=/usr/bin/cc
COLLECT_LTO_WRAPPER=/usr/lib/gcc/x86_64-linux-gnu/8/lto-wrapper
OFFLOAD_TARGET_NAMES=nvptx-none
OFFLOAD_TARGET_DEFAULT=1
Target: x86_64-linux-gnu
Configured with: ../src/configure -v --with-pkgversion='Ubuntu 8.3.0-6ubuntu1' --with-bugurl=file:///usr/share/doc/gcc-8/README.Bugs --enable-languages=c,ada,c++,go,brig,d,fortran,objc,obj-c++ --prefix=/usr --with-gcc-major-version-only --program-suffix=-8 --program-prefix=x86_64-linux-gnu- --enable-shared --enable-linker-build-id --libexecdir=/usr/lib --without-included-gettext --enable-threads=posix --libdir=/usr/lib --enable-nls --enable-bootstrap --enable-clocale=gnu --enable-libstdcxx-debug --enable-libstdcxx-time=yes --with-default-libstdcxx-abi=new --enable-gnu-unique-object --disable-vtable-verify --enable-libmpx --enable-plugin --enable-default-pie --with-system-zlib --with-target-system-zlib --enable-objc-gc=auto --enable-multiarch --disable-werror --with-arch-32=i686 --with-abi=m64 --with-multilib-list=m32,m64,mx32 --enable-multilib --with-tune=generic --enable-offload-targets=nvptx-none --without-cuda-driver --enable-checking=release --build=x86_64-linux-gnu --host=x86_64-linux-gnu --target=x86_64-linux-gnu
Thread model: posix
gcc version 8.3.0 (Ubuntu 8.3.0-6ubuntu1) 
COMPILER_PATH=/usr/lib/gcc/x86_64-linux-gnu/8/:/usr/lib/gcc/x86_64-linux-gnu/8/:/usr/lib/gcc/x86_64-linux-gnu/:/usr/lib/gcc/x86_64-linux-gnu/8/:/usr/lib/gcc/x86_64-linux-gnu/
LIBRARY_PATH=/usr/lib/gcc/x86_64-linux-gnu/8/:/usr/lib/gcc/x86_64-linux-gnu/8/../../../x86_64-linux-gnu/:/usr/lib/gcc/x86_64-linux-gnu/8/../../../../lib/:/lib/x86_64-linux-gnu/:/lib/../lib/:/usr/lib/x86_64-linux-gnu/:/usr/lib/../lib/:/usr/lib/gcc/x86_64-linux-gnu/8/../../../:/lib/:/usr/lib/
COLLECT_GCC_OPTIONS='-ffunction-sections' '-fdata-sections' '-fPIC' '-m64' '-v' '-rdynamic' '-o' 'cmTC_c7ccb' '-mtune=generic' '-march=x86-64'
 /usr/lib/gcc/x86_64-linux-gnu/8/collect2 -plugin /usr/lib/gcc/x86_64-linux-gnu/8/liblto_plugin.so -plugin-opt=/usr/lib/gcc/x86_64-linux-gnu/8/lto-wrapper -plugin-opt=-fresolution=/tmp/ccsj77il.res -plugin-opt=-pass-through=-lgcc -plugin-opt=-pass-through=-lgcc_s -plugin-opt=-pass-through=-lc -plugin-opt=-pass-through=-lgcc -plugin-opt=-pass-through=-lgcc_s --build-id --eh-frame-hdr -m elf_x86_64 --hash-style=gnu --as-needed -export-dynamic -dynamic-linker /lib64/ld-linux-x86-64.so.2 -pie -z now -z relro -o cmTC_c7ccb /usr/lib/gcc/x86_64-linux-gnu/8/../../../x86_64-linux-gnu/Scrt1.o /usr/lib/gcc/x86_64-linux-gnu/8/../../../x86_64-linux-gnu/crti.o /usr/lib/gcc/x86_64-linux-gnu/8/crtbeginS.o -L/usr/lib/gcc/x86_64-linux-gnu/8 -L/usr/lib/gcc/x86_64-linux-gnu/8/../../../x86_64-linux-gnu -L/usr/lib/gcc/x86_64-linux-gnu/8/../../../../lib -L/lib/x86_64-linux-gnu -L/lib/../lib -L/usr/lib/x86_64-linux-gnu -L/usr/lib/../lib -L/usr/lib/gcc/x86_64-linux-gnu/8/../../.. CMakeFiles/cmTC_c7ccb.dir/CMakeCCompilerABI.c.o -lgcc --push-state --as-needed -lgcc_s --pop-state -lc -lgcc --push-state --as-needed -lgcc_s --pop-state /usr/lib/gcc/x86_64-linux-gnu/8/crtendS.o /usr/lib/gcc/x86_64-linux-gnu/8/../../../x86_64-linux-gnu/crtn.o
COLLECT_GCC_OPTIONS='-ffunction-sections' '-fdata-sections' '-fPIC' '-m64' '-v' '-rdynamic' '-o' 'cmTC_c7ccb' '-mtune=generic' '-march=x86-64'
make[1]: Leaving directory '/home/marek/code/gary/zmq_comm/target/debug/build/zmq-sys-66865d2f789d4582/out/build/CMakeFiles/CMakeTmp'


Parsed C implicit link information from above output:
  link line regex: [^( *|.*[/\])(ld|CMAKE_LINK_STARTFILE-NOTFOUND|([^/\]+-)?ld|collect2)[^/\]*( |$)]
  ignore line: [Change Dir: /home/marek/code/gary/zmq_comm/target/debug/build/zmq-sys-66865d2f789d4582/out/build/CMakeFiles/CMakeTmp]
  ignore line: []
  ignore line: [Run Build Command:"/usr/bin/make" "cmTC_c7ccb/fast"]
  ignore line: [/usr/bin/make -f CMakeFiles/cmTC_c7ccb.dir/build.make CMakeFiles/cmTC_c7ccb.dir/build]
  ignore line: [make[1]: Entering directory '/home/marek/code/gary/zmq_comm/target/debug/build/zmq-sys-66865d2f789d4582/out/build/CMakeFiles/CMakeTmp']
  ignore line: [Building C object CMakeFiles/cmTC_c7ccb.dir/CMakeCCompilerABI.c.o]
  ignore line: [/usr/bin/cc   -ffunction-sections -fdata-sections -fPIC -m64    -o CMakeFiles/cmTC_c7ccb.dir/CMakeCCompilerABI.c.o   -c /usr/share/cmake-3.13/Modules/CMakeCCompilerABI.c]
  ignore line: [Linking C executable cmTC_c7ccb]
  ignore line: [/usr/bin/cmake -E cmake_link_script CMakeFiles/cmTC_c7ccb.dir/link.txt --verbose=1]
  ignore line: [/usr/bin/cc  -ffunction-sections -fdata-sections -fPIC -m64    -v -rdynamic CMakeFiles/cmTC_c7ccb.dir/CMakeCCompilerABI.c.o  -o cmTC_c7ccb ]
  ignore line: [Using built-in specs.]
  ignore line: [COLLECT_GCC=/usr/bin/cc]
  ignore line: [COLLECT_LTO_WRAPPER=/usr/lib/gcc/x86_64-linux-gnu/8/lto-wrapper]
  ignore line: [OFFLOAD_TARGET_NAMES=nvptx-none]
  ignore line: [OFFLOAD_TARGET_DEFAULT=1]
  ignore line: [Target: x86_64-linux-gnu]
  ignore line: [Configured with: ../src/configure -v --with-pkgversion='Ubuntu 8.3.0-6ubuntu1' --with-bugurl=file:///usr/share/doc/gcc-8/README.Bugs --enable-languages=c,ada,c++,go,brig,d,fortran,objc,obj-c++ --prefix=/usr --with-gcc-major-version-only --program-suffix=-8 --program-prefix=x86_64-linux-gnu- --enable-shared --enable-linker-build-id --libexecdir=/usr/lib --without-included-gettext --enable-threads=posix --libdir=/usr/lib --enable-nls --enable-bootstrap --enable-clocale=gnu --enable-libstdcxx-debug --enable-libstdcxx-time=yes --with-default-libstdcxx-abi=new --enable-gnu-unique-object --disable-vtable-verify --enable-libmpx --enable-plugin --enable-default-pie --with-system-zlib --with-target-system-zlib --enable-objc-gc=auto --enable-multiarch --disable-werror --with-arch-32=i686 --with-abi=m64 --with-multilib-list=m32,m64,mx32 --enable-multilib --with-tune=generic --enable-offload-targets=nvptx-none --without-cuda-driver --enable-checking=release --build=x86_64-linux-gnu --host=x86_64-linux-gnu --target=x86_64-linux-gnu]
  ignore line: [Thread model: posix]
  ignore line: [gcc version 8.3.0 (Ubuntu 8.3.0-6ubuntu1) ]
  ignore line: [COMPILER_PATH=/usr/lib/gcc/x86_64-linux-gnu/8/:/usr/lib/gcc/x86_64-linux-gnu/8/:/usr/lib/gcc/x86_64-linux-gnu/:/usr/lib/gcc/x86_64-linux-gnu/8/:/usr/lib/gcc/x86_64-linux-gnu/]
  ignore line: [LIBRARY_PATH=/usr/lib/gcc/x86_64-linux-gnu/8/:/usr/lib/gcc/x86_64-linux-gnu/8/../../../x86_64-linux-gnu/:/usr/lib/gcc/x86_64-linux-gnu/8/../../../../lib/:/lib/x86_64-linux-gnu/:/lib/../lib/:/usr/lib/x86_64-linux-gnu/:/usr/lib/../lib/:/usr/lib/gcc/x86_64-linux-gnu/8/../../../:/lib/:/usr/lib/]
  ignore line: [COLLECT_GCC_OPTIONS='-ffunction-sections' '-fdata-sections' '-fPIC' '-m64' '-v' '-rdynamic' '-o' 'cmTC_c7ccb' '-mtune=generic' '-march=x86-64']
  link line: [ /usr/lib/gcc/x86_64-linux-gnu/8/collect2 -plugin /usr/lib/gcc/x86_64-linux-gnu/8/liblto_plugin.so -plugin-opt=/usr/lib/gcc/x86_64-linux-gnu/8/lto-wrapper -plugin-opt=-fresolution=/tmp/ccsj77il.res -plugin-opt=-pass-through=-lgcc -plugin-opt=-pass-through=-lgcc_s -plugin-opt=-pass-through=-lc -plugin-opt=-pass-through=-lgcc -plugin-opt=-pass-through=-lgcc_s --build-id --eh-frame-hdr -m elf_x86_64 --hash-style=gnu --as-needed -export-dynamic -dynamic-linker /lib64/ld-linux-x86-64.so.2 -pie -z now -z relro -o cmTC_c7ccb /usr/lib/gcc/x86_64-linux-gnu/8/../../../x86_64-linux-gnu/Scrt1.o /usr/lib/gcc/x86_64-linux-gnu/8/../../../x86_64-linux-gnu/crti.o /usr/lib/gcc/x86_64-linux-gnu/8/crtbeginS.o -L/usr/lib/gcc/x86_64-linux-gnu/8 -L/usr/lib/gcc/x86_64-linux-gnu/8/../../../x86_64-linux-gnu -L/usr/lib/gcc/x86_64-linux-gnu/8/../../../../lib -L/lib/x86_64-linux-gnu -L/lib/../lib -L/usr/lib/x86_64-linux-gnu -L/usr/lib/../lib -L/usr/lib/gcc/x86_64-linux-gnu/8/../../.. CMakeFiles/cmTC_c7ccb.dir/CMakeCCompilerABI.c.o -lgcc --push-state --as-needed -lgcc_s --pop-state -lc -lgcc --push-state --as-needed -lgcc_s --pop-state /usr/lib/gcc/x86_64-linux-gnu/8/crtendS.o /usr/lib/gcc/x86_64-linux-gnu/8/../../../x86_64-linux-gnu/crtn.o]
    arg [/usr/lib/gcc/x86_64-linux-gnu/8/collect2] ==> ignore
    arg [-plugin] ==> ignore
    arg [/usr/lib/gcc/x86_64-linux-gnu/8/liblto_plugin.so] ==> ignore
    arg [-plugin-opt=/usr/lib/gcc/x86_64-linux-gnu/8/lto-wrapper] ==> ignore
    arg [-plugin-opt=-fresolution=/tmp/ccsj77il.res] ==> ignore
    arg [-plugin-opt=-pass-through=-lgcc] ==> ignore
    arg [-plugin-opt=-pass-through=-lgcc_s] ==> ignore
    arg [-plugin-opt=-pass-through=-lc] ==> ignore
    arg [-plugin-opt=-pass-through=-lgcc] ==> ignore
    arg [-plugin-opt=-pass-through=-lgcc_s] ==> ignore
    arg [--build-id] ==> ignore
    arg [--eh-frame-hdr] ==> ignore
    arg [-m] ==> ignore
    arg [elf_x86_64] ==> ignore
    arg [--hash-style=gnu] ==> ignore
    arg [--as-needed] ==> ignore
    arg [-export-dynamic] ==> ignore
    arg [-dynamic-linker] ==> ignore
    arg [/lib64/ld-linux-x86-64.so.2] ==> ignore
    arg [-pie] ==> ignore
    arg [-znow] ==> ignore
    arg [-zrelro] ==> ignore
    arg [-o] ==> ignore
    arg [cmTC_c7ccb] ==> ignore
    arg [/usr/lib/gcc/x86_64-linux-gnu/8/../../../x86_64-linux-gnu/Scrt1.o] ==> ignore
    arg [/usr/lib/gcc/x86_64-linux-gnu/8/../../../x86_64-linux-gnu/crti.o] ==> ignore
    arg [/usr/lib/gcc/x86_64-linux-gnu/8/crtbeginS.o] ==> ignore
    arg [-L/usr/lib/gcc/x86_64-linux-gnu/8] ==> dir [/usr/lib/gcc/x86_64-linux-gnu/8]
    arg [-L/usr/lib/gcc/x86_64-linux-gnu/8/../../../x86_64-linux-gnu] ==> dir [/usr/lib/gcc/x86_64-linux-gnu/8/../../../x86_64-linux-gnu]
    arg [-L/usr/lib/gcc/x86_64-linux-gnu/8/../../../../lib] ==> dir [/usr/lib/gcc/x86_64-linux-gnu/8/../../../../lib]
    arg [-L/lib/x86_64-linux-gnu] ==> dir [/lib/x86_64-linux-gnu]
    arg [-L/lib/../lib] ==> dir [/lib/../lib]
    arg [-L/usr/lib/x86_64-linux-gnu] ==> dir [/usr/lib/x86_64-linux-gnu]
    arg [-L/usr/lib/../lib] ==> dir [/usr/lib/../lib]
    arg [-L/usr/lib/gcc/x86_64-linux-gnu/8/../../..] ==> dir [/usr/lib/gcc/x86_64-linux-gnu/8/../../..]
    arg [CMakeFiles/cmTC_c7ccb.dir/CMakeCCompilerABI.c.o] ==> ignore
    arg [-lgcc] ==> lib [gcc]
    arg [--push-state] ==> ignore
    arg [--as-needed] ==> ignore
    arg [-lgcc_s] ==> lib [gcc_s]
    arg [--pop-state] ==> ignore
    arg [-lc] ==> lib [c]
    arg [-lgcc] ==> lib [gcc]
    arg [--push-state] ==> ignore
    arg [--as-needed] ==> ignore
    arg [-lgcc_s] ==> lib [gcc_s]
    arg [--pop-state] ==> ignore
    arg [/usr/lib/gcc/x86_64-linux-gnu/8/crtendS.o] ==> ignore
    arg [/usr/lib/gcc/x86_64-linux-gnu/8/../../../x86_64-linux-gnu/crtn.o] ==> ignore
  collapse library dir [/usr/lib/gcc/x86_64-linux-gnu/8] ==> [/usr/lib/gcc/x86_64-linux-gnu/8]
  collapse library dir [/usr/lib/gcc/x86_64-linux-gnu/8/../../../x86_64-linux-gnu] ==> [/usr/lib/x86_64-linux-gnu]
  collapse library dir [/usr/lib/gcc/x86_64-linux-gnu/8/../../../../lib] ==> [/usr/lib]
  collapse library dir [/lib/x86_64-linux-gnu] ==> [/lib/x86_64-linux-gnu]
  collapse library dir [/lib/../lib] ==> [/lib]
  collapse library dir [/usr/lib/x86_64-linux-gnu] ==> [/usr/lib/x86_64-linux-gnu]
  collapse library dir [/usr/lib/../lib] ==> [/usr/lib]
  collapse library dir [/usr/lib/gcc/x86_64-linux-gnu/8/../../..] ==> [/usr/lib]
  implicit libs: [gcc;gcc_s;c;gcc;gcc_s]
  implicit dirs: [/usr/lib/gcc/x86_64-linux-gnu/8;/usr/lib/x86_64-linux-gnu;/usr/lib;/lib/x86_64-linux-gnu;/lib]
  implicit fwks: []




Detecting C [-std=c11] compiler features compiled with the following output:
Change Dir: /home/marek/code/gary/zmq_comm/target/debug/build/zmq-sys-66865d2f789d4582/out/build/CMakeFiles/CMakeTmp

Run Build Command:"/usr/bin/make" "cmTC_4c5b9/fast"
/usr/bin/make -f CMakeFiles/cmTC_4c5b9.dir/build.make CMakeFiles/cmTC_4c5b9.dir/build
make[1]: Entering directory '/home/marek/code/gary/zmq_comm/target/debug/build/zmq-sys-66865d2f789d4582/out/build/CMakeFiles/CMakeTmp'
Building C object CMakeFiles/cmTC_4c5b9.dir/feature_tests.c.o
/usr/bin/cc   -ffunction-sections -fdata-sections -fPIC -m64    -std=c11 -o CMakeFiles/cmTC_4c5b9.dir/feature_tests.c.o   -c /home/marek/code/gary/zmq_comm/target/debug/build/zmq-sys-66865d2f789d4582/out/build/CMakeFiles/feature_tests.c
Linking C executable cmTC_4c5b9
/usr/bin/cmake -E cmake_link_script CMakeFiles/cmTC_4c5b9.dir/link.txt --verbose=1
/usr/bin/cc  -ffunction-sections -fdata-sections -fPIC -m64     -rdynamic CMakeFiles/cmTC_4c5b9.dir/feature_tests.c.o  -o cmTC_4c5b9 
make[1]: Leaving directory '/home/marek/code/gary/zmq_comm/target/debug/build/zmq-sys-66865d2f789d4582/out/build/CMakeFiles/CMakeTmp'


    Feature record: C_FEATURE:1c_function_prototypes
    Feature record: C_FEATURE:1c_restrict
    Feature record: C_FEATURE:1c_static_assert
    Feature record: C_FEATURE:1c_variadic_macros


Detecting C [-std=c99] compiler features compiled with the following output:
Change Dir: /home/marek/code/gary/zmq_comm/target/debug/build/zmq-sys-66865d2f789d4582/out/build/CMakeFiles/CMakeTmp

Run Build Command:"/usr/bin/make" "cmTC_9d873/fast"
/usr/bin/make -f CMakeFiles/cmTC_9d873.dir/build.make CMakeFiles/cmTC_9d873.dir/build
make[1]: Entering directory '/home/marek/code/gary/zmq_comm/target/debug/build/zmq-sys-66865d2f789d4582/out/build/CMakeFiles/CMakeTmp'
Building C object CMakeFiles/cmTC_9d873.dir/feature_tests.c.o
/usr/bin/cc   -ffunction-sections -fdata-sections -fPIC -m64    -std=c99 -o CMakeFiles/cmTC_9d873.dir/feature_tests.c.o   -c /home/marek/code/gary/zmq_comm/target/debug/build/zmq-sys-66865d2f789d4582/out/build/CMakeFiles/feature_tests.c
Linking C executable cmTC_9d873
/usr/bin/cmake -E cmake_link_script CMakeFiles/cmTC_9d873.dir/link.txt --verbose=1
/usr/bin/cc  -ffunction-sections -fdata-sections -fPIC -m64     -rdynamic CMakeFiles/cmTC_9d873.dir/feature_tests.c.o  -o cmTC_9d873 
make[1]: Leaving directory '/home/marek/code/gary/zmq_comm/target/debug/build/zmq-sys-66865d2f789d4582/out/build/CMakeFiles/CMakeTmp'


    Feature record: C_FEATURE:1c_function_prototypes
    Feature record: C_FEATURE:1c_restrict
    Feature record: C_FEATURE:0c_static_assert
    Feature record: C_FEATURE:1c_variadic_macros


Detecting C [-std=c90] compiler features compiled with the following output:
Change Dir: /home/marek/code/gary/zmq_comm/target/debug/build/zmq-sys-66865d2f789d4582/out/build/CMakeFiles/CMakeTmp

Run Build Command:"/usr/bin/make" "cmTC_05d0e/fast"
/usr/bin/make -f CMakeFiles/cmTC_05d0e.dir/build.make CMakeFiles/cmTC_05d0e.dir/build
make[1]: Entering directory '/home/marek/code/gary/zmq_comm/target/debug/build/zmq-sys-66865d2f789d4582/out/build/CMakeFiles/CMakeTmp'
Building C object CMakeFiles/cmTC_05d0e.dir/feature_tests.c.o
/usr/bin/cc   -ffunction-sections -fdata-sections -fPIC -m64    -std=c90 -o CMakeFiles/cmTC_05d0e.dir/feature_tests.c.o   -c /home/marek/code/gary/zmq_comm/target/debug/build/zmq-sys-66865d2f789d4582/out/build/CMakeFiles/feature_tests.c
Linking C executable cmTC_05d0e
/usr/bin/cmake -E cmake_link_script CMakeFiles/cmTC_05d0e.dir/link.txt --verbose=1
/usr/bin/cc  -ffunction-sections -fdata-sections -fPIC -m64     -rdynamic CMakeFiles/cmTC_05d0e.dir/feature_tests.c.o  -o cmTC_05d0e 
make[1]: Leaving directory '/home/marek/code/gary/zmq_comm/target/debug/build/zmq-sys-66865d2f789d4582/out/build/CMakeFiles/CMakeTmp'


    Feature record: C_FEATURE:1c_function_prototypes
    Feature record: C_FEATURE:0c_restrict
    Feature record: C_FEATURE:0c_static_assert
    Feature record: C_FEATURE:0c_variadic_macros
Determining if the CXX compiler works passed with the following output:
Change Dir: /home/marek/code/gary/zmq_comm/target/debug/build/zmq-sys-66865d2f789d4582/out/build/CMakeFiles/CMakeTmp

Run Build Command:"/usr/bin/make" "cmTC_a85e1/fast"
/usr/bin/make -f CMakeFiles/cmTC_a85e1.dir/build.make CMakeFiles/cmTC_a85e1.dir/build
make[1]: Entering directory '/home/marek/code/gary/zmq_comm/target/debug/build/zmq-sys-66865d2f789d4582/out/build/CMakeFiles/CMakeTmp'
Building CXX object CMakeFiles/cmTC_a85e1.dir/testCXXCompiler.cxx.o
/usr/bin/c++    -ffunction-sections -fdata-sections -fPIC -m64    -o CMakeFiles/cmTC_a85e1.dir/testCXXCompiler.cxx.o -c /home/marek/code/gary/zmq_comm/target/debug/build/zmq-sys-66865d2f789d4582/out/build/CMakeFiles/CMakeTmp/testCXXCompiler.cxx
Linking CXX executable cmTC_a85e1
/usr/bin/cmake -E cmake_link_script CMakeFiles/cmTC_a85e1.dir/link.txt --verbose=1
/usr/bin/c++   -ffunction-sections -fdata-sections -fPIC -m64     -rdynamic CMakeFiles/cmTC_a85e1.dir/testCXXCompiler.cxx.o  -o cmTC_a85e1 
make[1]: Leaving directory '/home/marek/code/gary/zmq_comm/target/debug/build/zmq-sys-66865d2f789d4582/out/build/CMakeFiles/CMakeTmp'


Detecting CXX compiler ABI info compiled with the following output:
Change Dir: /home/marek/code/gary/zmq_comm/target/debug/build/zmq-sys-66865d2f789d4582/out/build/CMakeFiles/CMakeTmp

Run Build Command:"/usr/bin/make" "cmTC_faa76/fast"
/usr/bin/make -f CMakeFiles/cmTC_faa76.dir/build.make CMakeFiles/cmTC_faa76.dir/build
make[1]: Entering directory '/home/marek/code/gary/zmq_comm/target/debug/build/zmq-sys-66865d2f789d4582/out/build/CMakeFiles/CMakeTmp'
Building CXX object CMakeFiles/cmTC_faa76.dir/CMakeCXXCompilerABI.cpp.o
/usr/bin/c++    -ffunction-sections -fdata-sections -fPIC -m64    -o CMakeFiles/cmTC_faa76.dir/CMakeCXXCompilerABI.cpp.o -c /usr/share/cmake-3.13/Modules/CMakeCXXCompilerABI.cpp
Linking CXX executable cmTC_faa76
/usr/bin/cmake -E cmake_link_script CMakeFiles/cmTC_faa76.dir/link.txt --verbose=1
/usr/bin/c++   -ffunction-sections -fdata-sections -fPIC -m64    -v -rdynamic CMakeFiles/cmTC_faa76.dir/CMakeCXXCompilerABI.cpp.o  -o cmTC_faa76 
Using built-in specs.
COLLECT_GCC=/usr/bin/c++
COLLECT_LTO_WRAPPER=/usr/lib/gcc/x86_64-linux-gnu/8/lto-wrapper
OFFLOAD_TARGET_NAMES=nvptx-none
OFFLOAD_TARGET_DEFAULT=1
Target: x86_64-linux-gnu
Configured with: ../src/configure -v --with-pkgversion='Ubuntu 8.3.0-6ubuntu1' --with-bugurl=file:///usr/share/doc/gcc-8/README.Bugs --enable-languages=c,ada,c++,go,brig,d,fortran,objc,obj-c++ --prefix=/usr --with-gcc-major-version-only --program-suffix=-8 --program-prefix=x86_64-linux-gnu- --enable-shared --enable-linker-build-id --libexecdir=/usr/lib --without-included-gettext --enable-threads=posix --libdir=/usr/lib --enable-nls --enable-bootstrap --enable-clocale=gnu --enable-libstdcxx-debug --enable-libstdcxx-time=yes --with-default-libstdcxx-abi=new --enable-gnu-unique-object --disable-vtable-verify --enable-libmpx --enable-plugin --enable-default-pie --with-system-zlib --with-target-system-zlib --enable-objc-gc=auto --enable-multiarch --disable-werror --with-arch-32=i686 --with-abi=m64 --with-multilib-list=m32,m64,mx32 --enable-multilib --with-tune=generic --enable-offload-targets=nvptx-none --without-cuda-driver --enable-checking=release --build=x86_64-linux-gnu --host=x86_64-linux-gnu --target=x86_64-linux-gnu
Thread model: posix
gcc version 8.3.0 (Ubuntu 8.3.0-6ubuntu1) 
COMPILER_PATH=/usr/lib/gcc/x86_64-linux-gnu/8/:/usr/lib/gcc/x86_64-linux-gnu/8/:/usr/lib/gcc/x86_64-linux-gnu/:/usr/lib/gcc/x86_64-linux-gnu/8/:/usr/lib/gcc/x86_64-linux-gnu/
LIBRARY_PATH=/usr/lib/gcc/x86_64-linux-gnu/8/:/usr/lib/gcc/x86_64-linux-gnu/8/../../../x86_64-linux-gnu/:/usr/lib/gcc/x86_64-linux-gnu/8/../../../../lib/:/lib/x86_64-linux-gnu/:/lib/../lib/:/usr/lib/x86_64-linux-gnu/:/usr/lib/../lib/:/usr/lib/gcc/x86_64-linux-gnu/8/../../../:/lib/:/usr/lib/
COLLECT_GCC_OPTIONS='-ffunction-sections' '-fdata-sections' '-fPIC' '-m64' '-v' '-rdynamic' '-o' 'cmTC_faa76' '-shared-libgcc' '-mtune=generic' '-march=x86-64'
 /usr/lib/gcc/x86_64-linux-gnu/8/collect2 -plugin /usr/lib/gcc/x86_64-linux-gnu/8/liblto_plugin.so -plugin-opt=/usr/lib/gcc/x86_64-linux-gnu/8/lto-wrapper -plugin-opt=-fresolution=/tmp/ccwwbJhG.res -plugin-opt=-pass-through=-lgcc_s -plugin-opt=-pass-through=-lgcc -plugin-opt=-pass-through=-lc -plugin-opt=-pass-through=-lgcc_s -plugin-opt=-pass-through=-lgcc --build-id --eh-frame-hdr -m elf_x86_64 --hash-style=gnu --as-needed -export-dynamic -dynamic-linker /lib64/ld-linux-x86-64.so.2 -pie -z now -z relro -o cmTC_faa76 /usr/lib/gcc/x86_64-linux-gnu/8/../../../x86_64-linux-gnu/Scrt1.o /usr/lib/gcc/x86_64-linux-gnu/8/../../../x86_64-linux-gnu/crti.o /usr/lib/gcc/x86_64-linux-gnu/8/crtbeginS.o -L/usr/lib/gcc/x86_64-linux-gnu/8 -L/usr/lib/gcc/x86_64-linux-gnu/8/../../../x86_64-linux-gnu -L/usr/lib/gcc/x86_64-linux-gnu/8/../../../../lib -L/lib/x86_64-linux-gnu -L/lib/../lib -L/usr/lib/x86_64-linux-gnu -L/usr/lib/../lib -L/usr/lib/gcc/x86_64-linux-gnu/8/../../.. CMakeFiles/cmTC_faa76.dir/CMakeCXXCompilerABI.cpp.o -lstdc++ -lm -lgcc_s -lgcc -lc -lgcc_s -lgcc /usr/lib/gcc/x86_64-linux-gnu/8/crtendS.o /usr/lib/gcc/x86_64-linux-gnu/8/../../../x86_64-linux-gnu/crtn.o
COLLECT_GCC_OPTIONS='-ffunction-sections' '-fdata-sections' '-fPIC' '-m64' '-v' '-rdynamic' '-o' 'cmTC_faa76' '-shared-libgcc' '-mtune=generic' '-march=x86-64'
make[1]: Leaving directory '/home/marek/code/gary/zmq_comm/target/debug/build/zmq-sys-66865d2f789d4582/out/build/CMakeFiles/CMakeTmp'


Parsed CXX implicit link information from above output:
  link line regex: [^( *|.*[/\])(ld|CMAKE_LINK_STARTFILE-NOTFOUND|([^/\]+-)?ld|collect2)[^/\]*( |$)]
  ignore line: [Change Dir: /home/marek/code/gary/zmq_comm/target/debug/build/zmq-sys-66865d2f789d4582/out/build/CMakeFiles/CMakeTmp]
  ignore line: []
  ignore line: [Run Build Command:"/usr/bin/make" "cmTC_faa76/fast"]
  ignore line: [/usr/bin/make -f CMakeFiles/cmTC_faa76.dir/build.make CMakeFiles/cmTC_faa76.dir/build]
  ignore line: [make[1]: Entering directory '/home/marek/code/gary/zmq_comm/target/debug/build/zmq-sys-66865d2f789d4582/out/build/CMakeFiles/CMakeTmp']
  ignore line: [Building CXX object CMakeFiles/cmTC_faa76.dir/CMakeCXXCompilerABI.cpp.o]
  ignore line: [/usr/bin/c++    -ffunction-sections -fdata-sections -fPIC -m64    -o CMakeFiles/cmTC_faa76.dir/CMakeCXXCompilerABI.cpp.o -c /usr/share/cmake-3.13/Modules/CMakeCXXCompilerABI.cpp]
  ignore line: [Linking CXX executable cmTC_faa76]
  ignore line: [/usr/bin/cmake -E cmake_link_script CMakeFiles/cmTC_faa76.dir/link.txt --verbose=1]
  ignore line: [/usr/bin/c++   -ffunction-sections -fdata-sections -fPIC -m64    -v -rdynamic CMakeFiles/cmTC_faa76.dir/CMakeCXXCompilerABI.cpp.o  -o cmTC_faa76 ]
  ignore line: [Using built-in specs.]
  ignore line: [COLLECT_GCC=/usr/bin/c++]
  ignore line: [COLLECT_LTO_WRAPPER=/usr/lib/gcc/x86_64-linux-gnu/8/lto-wrapper]
  ignore line: [OFFLOAD_TARGET_NAMES=nvptx-none]
  ignore line: [OFFLOAD_TARGET_DEFAULT=1]
  ignore line: [Target: x86_64-linux-gnu]
  ignore line: [Configured with: ../src/configure -v --with-pkgversion='Ubuntu 8.3.0-6ubuntu1' --with-bugurl=file:///usr/share/doc/gcc-8/README.Bugs --enable-languages=c,ada,c++,go,brig,d,fortran,objc,obj-c++ --prefix=/usr --with-gcc-major-version-only --program-suffix=-8 --program-prefix=x86_64-linux-gnu- --enable-shared --enable-linker-build-id --libexecdir=/usr/lib --without-included-gettext --enable-threads=posix --libdir=/usr/lib --enable-nls --enable-bootstrap --enable-clocale=gnu --enable-libstdcxx-debug --enable-libstdcxx-time=yes --with-default-libstdcxx-abi=new --enable-gnu-unique-object --disable-vtable-verify --enable-libmpx --enable-plugin --enable-default-pie --with-system-zlib --with-target-system-zlib --enable-objc-gc=auto --enable-multiarch --disable-werror --with-arch-32=i686 --with-abi=m64 --with-multilib-list=m32,m64,mx32 --enable-multilib --with-tune=generic --enable-offload-targets=nvptx-none --without-cuda-driver --enable-checking=release --build=x86_64-linux-gnu --host=x86_64-linux-gnu --target=x86_64-linux-gnu]
  ignore line: [Thread model: posix]
  ignore line: [gcc version 8.3.0 (Ubuntu 8.3.0-6ubuntu1) ]
  ignore line: [COMPILER_PATH=/usr/lib/gcc/x86_64-linux-gnu/8/:/usr/lib/gcc/x86_64-linux-gnu/8/:/usr/lib/gcc/x86_64-linux-gnu/:/usr/lib/gcc/x86_64-linux-gnu/8/:/usr/lib/gcc/x86_64-linux-gnu/]
  ignore line: [LIBRARY_PATH=/usr/lib/gcc/x86_64-linux-gnu/8/:/usr/lib/gcc/x86_64-linux-gnu/8/../../../x86_64-linux-gnu/:/usr/lib/gcc/x86_64-linux-gnu/8/../../../../lib/:/lib/x86_64-linux-gnu/:/lib/../lib/:/usr/lib/x86_64-linux-gnu/:/usr/lib/../lib/:/usr/lib/gcc/x86_64-linux-gnu/8/../../../:/lib/:/usr/lib/]
  ignore line: [COLLECT_GCC_OPTIONS='-ffunction-sections' '-fdata-sections' '-fPIC' '-m64' '-v' '-rdynamic' '-o' 'cmTC_faa76' '-shared-libgcc' '-mtune=generic' '-march=x86-64']
  link line: [ /usr/lib/gcc/x86_64-linux-gnu/8/collect2 -plugin /usr/lib/gcc/x86_64-linux-gnu/8/liblto_plugin.so -plugin-opt=/usr/lib/gcc/x86_64-linux-gnu/8/lto-wrapper -plugin-opt=-fresolution=/tmp/ccwwbJhG.res -plugin-opt=-pass-through=-lgcc_s -plugin-opt=-pass-through=-lgcc -plugin-opt=-pass-through=-lc -plugin-opt=-pass-through=-lgcc_s -plugin-opt=-pass-through=-lgcc --build-id --eh-frame-hdr -m elf_x86_64 --hash-style=gnu --as-needed -export-dynamic -dynamic-linker /lib64/ld-linux-x86-64.so.2 -pie -z now -z relro -o cmTC_faa76 /usr/lib/gcc/x86_64-linux-gnu/8/../../../x86_64-linux-gnu/Scrt1.o /usr/lib/gcc/x86_64-linux-gnu/8/../../../x86_64-linux-gnu/crti.o /usr/lib/gcc/x86_64-linux-gnu/8/crtbeginS.o -L/usr/lib/gcc/x86_64-linux-gnu/8 -L/usr/lib/gcc/x86_64-linux-gnu/8/../../../x86_64-linux-gnu -L/usr/lib/gcc/x86_64-linux-gnu/8/../../../../lib -L/lib/x86_64-linux-gnu -L/lib/../lib -L/usr/lib/x86_64-linux-gnu -L/usr/lib/../lib -L/usr/lib/gcc/x86_64-linux-gnu/8/../../.. CMakeFiles/cmTC_faa76.dir/CMakeCXXCompilerABI.cpp.o -lstdc++ -lm -lgcc_s -lgcc -lc -lgcc_s -lgcc /usr/lib/gcc/x86_64-linux-gnu/8/crtendS.o /usr/lib/gcc/x86_64-linux-gnu/8/../../../x86_64-linux-gnu/crtn.o]
    arg [/usr/lib/gcc/x86_64-linux-gnu/8/collect2] ==> ignore
    arg [-plugin] ==> ignore
    arg [/usr/lib/gcc/x86_64-linux-gnu/8/liblto_plugin.so] ==> ignore
    arg [-plugin-opt=/usr/lib/gcc/x86_64-linux-gnu/8/lto-wrapper] ==> ignore
    arg [-plugin-opt=-fresolution=/tmp/ccwwbJhG.res] ==> ignore
    arg [-plugin-opt=-pass-through=-lgcc_s] ==> ignore
    arg [-plugin-opt=-pass-through=-lgcc] ==> ignore
    arg [-plugin-opt=-pass-through=-lc] ==> ignore
    arg [-plugin-opt=-pass-through=-lgcc_s] ==> ignore
    arg [-plugin-opt=-pass-through=-lgcc] ==> ignore
    arg [--build-id] ==> ignore
    arg [--eh-frame-hdr] ==> ignore
    arg [-m] ==> ignore
    arg [elf_x86_64] ==> ignore
    arg [--hash-style=gnu] ==> ignore
    arg [--as-needed] ==> ignore
    arg [-export-dynamic] ==> ignore
    arg [-dynamic-linker] ==> ignore
    arg [/lib64/ld-linux-x86-64.so.2] ==> ignore
    arg [-pie] ==> ignore
    arg [-znow] ==> ignore
    arg [-zrelro] ==> ignore
    arg [-o] ==> ignore
    arg [cmTC_faa76] ==> ignore
    arg [/usr/lib/gcc/x86_64-linux-gnu/8/../../../x86_64-linux-gnu/Scrt1.o] ==> ignore
    arg [/usr/lib/gcc/x86_64-linux-gnu/8/../../../x86_64-linux-gnu/crti.o] ==> ignore
    arg [/usr/lib/gcc/x86_64-linux-gnu/8/crtbeginS.o] ==> ignore
    arg [-L/usr/lib/gcc/x86_64-linux-gnu/8] ==> dir [/usr/lib/gcc/x86_64-linux-gnu/8]
    arg [-L/usr/lib/gcc/x86_64-linux-gnu/8/../../../x86_64-linux-gnu] ==> dir [/usr/lib/gcc/x86_64-linux-gnu/8/../../../x86_64-linux-gnu]
    arg [-L/usr/lib/gcc/x86_64-linux-gnu/8/../../../../lib] ==> dir [/usr/lib/gcc/x86_64-linux-gnu/8/../../../../lib]
    arg [-L/lib/x86_64-linux-gnu] ==> dir [/lib/x86_64-linux-gnu]
    arg [-L/lib/../lib] ==> dir [/lib/../lib]
    arg [-L/usr/lib/x86_64-linux-gnu] ==> dir [/usr/lib/x86_64-linux-gnu]
    arg [-L/usr/lib/../lib] ==> dir [/usr/lib/../lib]
    arg [-L/usr/lib/gcc/x86_64-linux-gnu/8/../../..] ==> dir [/usr/lib/gcc/x86_64-linux-gnu/8/../../..]
    arg [CMakeFiles/cmTC_faa76.dir/CMakeCXXCompilerABI.cpp.o] ==> ignore
    arg [-lstdc++] ==> lib [stdc++]
    arg [-lm] ==> lib [m]
    arg [-lgcc_s] ==> lib [gcc_s]
    arg [-lgcc] ==> lib [gcc]
    arg [-lc] ==> lib [c]
    arg [-lgcc_s] ==> lib [gcc_s]
    arg [-lgcc] ==> lib [gcc]
    arg [/usr/lib/gcc/x86_64-linux-gnu/8/crtendS.o] ==> ignore
    arg [/usr/lib/gcc/x86_64-linux-gnu/8/../../../x86_64-linux-gnu/crtn.o] ==> ignore
  collapse library dir [/usr/lib/gcc/x86_64-linux-gnu/8] ==> [/usr/lib/gcc/x86_64-linux-gnu/8]
  collapse library dir [/usr/lib/gcc/x86_64-linux-gnu/8/../../../x86_64-linux-gnu] ==> [/usr/lib/x86_64-linux-gnu]
  collapse library dir [/usr/lib/gcc/x86_64-linux-gnu/8/../../../../lib] ==> [/usr/lib]
  collapse library dir [/lib/x86_64-linux-gnu] ==> [/lib/x86_64-linux-gnu]
  collapse library dir [/lib/../lib] ==> [/lib]
  collapse library dir [/usr/lib/x86_64-linux-gnu] ==> [/usr/lib/x86_64-linux-gnu]
  collapse library dir [/usr/lib/../lib] ==> [/usr/lib]
  collapse library dir [/usr/lib/gcc/x86_64-linux-gnu/8/../../..] ==> [/usr/lib]
  implicit libs: [stdc++;m;gcc_s;gcc;c;gcc_s;gcc]
  implicit dirs: [/usr/lib/gcc/x86_64-linux-gnu/8;/usr/lib/x86_64-linux-gnu;/usr/lib;/lib/x86_64-linux-gnu;/lib]
  implicit fwks: []




Detecting CXX [-std=c++2a] compiler features compiled with the following output:
Change Dir: /home/marek/code/gary/zmq_comm/target/debug/build/zmq-sys-66865d2f789d4582/out/build/CMakeFiles/CMakeTmp

Run Build Command:"/usr/bin/make" "cmTC_c961e/fast"
/usr/bin/make -f CMakeFiles/cmTC_c961e.dir/build.make CMakeFiles/cmTC_c961e.dir/build
make[1]: Entering directory '/home/marek/code/gary/zmq_comm/target/debug/build/zmq-sys-66865d2f789d4582/out/build/CMakeFiles/CMakeTmp'
Building CXX object CMakeFiles/cmTC_c961e.dir/feature_tests.cxx.o
/usr/bin/c++    -ffunction-sections -fdata-sections -fPIC -m64    -std=c++2a -o CMakeFiles/cmTC_c961e.dir/feature_tests.cxx.o -c /home/marek/code/gary/zmq_comm/target/debug/build/zmq-sys-66865d2f789d4582/out/build/CMakeFiles/feature_tests.cxx
Linking CXX executable cmTC_c961e
/usr/bin/cmake -E cmake_link_script CMakeFiles/cmTC_c961e.dir/link.txt --verbose=1
/usr/bin/c++   -ffunction-sections -fdata-sections -fPIC -m64     -rdynamic CMakeFiles/cmTC_c961e.dir/feature_tests.cxx.o  -o cmTC_c961e 
make[1]: Leaving directory '/home/marek/code/gary/zmq_comm/target/debug/build/zmq-sys-66865d2f789d4582/out/build/CMakeFiles/CMakeTmp'


    Feature record: CXX_FEATURE:1cxx_aggregate_default_initializers
    Feature record: CXX_FEATURE:1cxx_alias_templates
    Feature record: CXX_FEATURE:1cxx_alignas
    Feature record: CXX_FEATURE:1cxx_alignof
    Feature record: CXX_FEATURE:1cxx_attributes
    Feature record: CXX_FEATURE:1cxx_attribute_deprecated
    Feature record: CXX_FEATURE:1cxx_auto_type
    Feature record: CXX_FEATURE:1cxx_binary_literals
    Feature record: CXX_FEATURE:1cxx_constexpr
    Feature record: CXX_FEATURE:1cxx_contextual_conversions
    Feature record: CXX_FEATURE:1cxx_decltype
    Feature record: CXX_FEATURE:1cxx_decltype_auto
    Feature record: CXX_FEATURE:1cxx_decltype_incomplete_return_types
    Feature record: CXX_FEATURE:1cxx_default_function_template_args
    Feature record: CXX_FEATURE:1cxx_defaulted_functions
    Feature record: CXX_FEATURE:1cxx_defaulted_move_initializers
    Feature record: CXX_FEATURE:1cxx_delegating_constructors
    Feature record: CXX_FEATURE:1cxx_deleted_functions
    Feature record: CXX_FEATURE:1cxx_digit_separators
    Feature record: CXX_FEATURE:1cxx_enum_forward_declarations
    Feature record: CXX_FEATURE:1cxx_explicit_conversions
    Feature record: CXX_FEATURE:1cxx_extended_friend_declarations
    Feature record: CXX_FEATURE:1cxx_extern_templates
    Feature record: CXX_FEATURE:1cxx_final
    Feature record: CXX_FEATURE:1cxx_func_identifier
    Feature record: CXX_FEATURE:1cxx_generalized_initializers
    Feature record: CXX_FEATURE:1cxx_generic_lambdas
    Feature record: CXX_FEATURE:1cxx_inheriting_constructors
    Feature record: CXX_FEATURE:1cxx_inline_namespaces
    Feature record: CXX_FEATURE:1cxx_lambdas
    Feature record: CXX_FEATURE:1cxx_lambda_init_captures
    Feature record: CXX_FEATURE:1cxx_local_type_template_args
    Feature record: CXX_FEATURE:1cxx_long_long_type
    Feature record: CXX_FEATURE:1cxx_noexcept
    Feature record: CXX_FEATURE:1cxx_nonstatic_member_init
    Feature record: CXX_FEATURE:1cxx_nullptr
    Feature record: CXX_FEATURE:1cxx_override
    Feature record: CXX_FEATURE:1cxx_range_for
    Feature record: CXX_FEATURE:1cxx_raw_string_literals
    Feature record: CXX_FEATURE:1cxx_reference_qualified_functions
    Feature record: CXX_FEATURE:1cxx_relaxed_constexpr
    Feature record: CXX_FEATURE:1cxx_return_type_deduction
    Feature record: CXX_FEATURE:1cxx_right_angle_brackets
    Feature record: CXX_FEATURE:1cxx_rvalue_references
    Feature record: CXX_FEATURE:1cxx_sizeof_member
    Feature record: CXX_FEATURE:1cxx_static_assert
    Feature record: CXX_FEATURE:1cxx_strong_enums
    Feature record: CXX_FEATURE:1cxx_template_template_parameters
    Feature record: CXX_FEATURE:1cxx_thread_local
    Feature record: CXX_FEATURE:1cxx_trailing_return_types
    Feature record: CXX_FEATURE:1cxx_unicode_literals
    Feature record: CXX_FEATURE:1cxx_uniform_initialization
    Feature record: CXX_FEATURE:1cxx_unrestricted_unions
    Feature record: CXX_FEATURE:1cxx_user_literals
    Feature record: CXX_FEATURE:1cxx_variable_templates
    Feature record: CXX_FEATURE:1cxx_variadic_macros
    Feature record: CXX_FEATURE:1cxx_variadic_templates


Detecting CXX [-std=c++17] compiler features compiled with the following output:
Change Dir: /home/marek/code/gary/zmq_comm/target/debug/build/zmq-sys-66865d2f789d4582/out/build/CMakeFiles/CMakeTmp

Run Build Command:"/usr/bin/make" "cmTC_b9380/fast"
/usr/bin/make -f CMakeFiles/cmTC_b9380.dir/build.make CMakeFiles/cmTC_b9380.dir/build
make[1]: Entering directory '/home/marek/code/gary/zmq_comm/target/debug/build/zmq-sys-66865d2f789d4582/out/build/CMakeFiles/CMakeTmp'
Building CXX object CMakeFiles/cmTC_b9380.dir/feature_tests.cxx.o
/usr/bin/c++    -ffunction-sections -fdata-sections -fPIC -m64    -std=c++17 -o CMakeFiles/cmTC_b9380.dir/feature_tests.cxx.o -c /home/marek/code/gary/zmq_comm/target/debug/build/zmq-sys-66865d2f789d4582/out/build/CMakeFiles/feature_tests.cxx
Linking CXX executable cmTC_b9380
/usr/bin/cmake -E cmake_link_script CMakeFiles/cmTC_b9380.dir/link.txt --verbose=1
/usr/bin/c++   -ffunction-sections -fdata-sections -fPIC -m64     -rdynamic CMakeFiles/cmTC_b9380.dir/feature_tests.cxx.o  -o cmTC_b9380 
make[1]: Leaving directory '/home/marek/code/gary/zmq_comm/target/debug/build/zmq-sys-66865d2f789d4582/out/build/CMakeFiles/CMakeTmp'


    Feature record: CXX_FEATURE:1cxx_aggregate_default_initializers
    Feature record: CXX_FEATURE:1cxx_alias_templates
    Feature record: CXX_FEATURE:1cxx_alignas
    Feature record: CXX_FEATURE:1cxx_alignof
    Feature record: CXX_FEATURE:1cxx_attributes
    Feature record: CXX_FEATURE:1cxx_attribute_deprecated
    Feature record: CXX_FEATURE:1cxx_auto_type
    Feature record: CXX_FEATURE:1cxx_binary_literals
    Feature record: CXX_FEATURE:1cxx_constexpr
    Feature record: CXX_FEATURE:1cxx_contextual_conversions
    Feature record: CXX_FEATURE:1cxx_decltype
    Feature record: CXX_FEATURE:1cxx_decltype_auto
    Feature record: CXX_FEATURE:1cxx_decltype_incomplete_return_types
    Feature record: CXX_FEATURE:1cxx_default_function_template_args
    Feature record: CXX_FEATURE:1cxx_defaulted_functions
    Feature record: CXX_FEATURE:1cxx_defaulted_move_initializers
    Feature record: CXX_FEATURE:1cxx_delegating_constructors
    Feature record: CXX_FEATURE:1cxx_deleted_functions
    Feature record: CXX_FEATURE:1cxx_digit_separators
    Feature record: CXX_FEATURE:1cxx_enum_forward_declarations
    Feature record: CXX_FEATURE:1cxx_explicit_conversions
    Feature record: CXX_FEATURE:1cxx_extended_friend_declarations
    Feature record: CXX_FEATURE:1cxx_extern_templates
    Feature record: CXX_FEATURE:1cxx_final
    Feature record: CXX_FEATURE:1cxx_func_identifier
    Feature record: CXX_FEATURE:1cxx_generalized_initializers
    Feature record: CXX_FEATURE:1cxx_generic_lambdas
    Feature record: CXX_FEATURE:1cxx_inheriting_constructors
    Feature record: CXX_FEATURE:1cxx_inline_namespaces
    Feature record: CXX_FEATURE:1cxx_lambdas
    Feature record: CXX_FEATURE:1cxx_lambda_init_captures
    Feature record: CXX_FEATURE:1cxx_local_type_template_args
    Feature record: CXX_FEATURE:1cxx_long_long_type
    Feature record: CXX_FEATURE:1cxx_noexcept
    Feature record: CXX_FEATURE:1cxx_nonstatic_member_init
    Feature record: CXX_FEATURE:1cxx_nullptr
    Feature record: CXX_FEATURE:1cxx_override
    Feature record: CXX_FEATURE:1cxx_range_for
    Feature record: CXX_FEATURE:1cxx_raw_string_literals
    Feature record: CXX_FEATURE:1cxx_reference_qualified_functions
    Feature record: CXX_FEATURE:1cxx_relaxed_constexpr
    Feature record: CXX_FEATURE:1cxx_return_type_deduction
    Feature record: CXX_FEATURE:1cxx_right_angle_brackets
    Feature record: CXX_FEATURE:1cxx_rvalue_references
    Feature record: CXX_FEATURE:1cxx_sizeof_member
    Feature record: CXX_FEATURE:1cxx_static_assert
    Feature record: CXX_FEATURE:1cxx_strong_enums
    Feature record: CXX_FEATURE:1cxx_template_template_parameters
    Feature record: CXX_FEATURE:1cxx_thread_local
    Feature record: CXX_FEATURE:1cxx_trailing_return_types
    Feature record: CXX_FEATURE:1cxx_unicode_literals
    Feature record: CXX_FEATURE:1cxx_uniform_initialization
    Feature record: CXX_FEATURE:1cxx_unrestricted_unions
    Feature record: CXX_FEATURE:1cxx_user_literals
    Feature record: CXX_FEATURE:1cxx_variable_templates
    Feature record: CXX_FEATURE:1cxx_variadic_macros
    Feature record: CXX_FEATURE:1cxx_variadic_templates


Detecting CXX [-std=c++14] compiler features compiled with the following output:
Change Dir: /home/marek/code/gary/zmq_comm/target/debug/build/zmq-sys-66865d2f789d4582/out/build/CMakeFiles/CMakeTmp

Run Build Command:"/usr/bin/make" "cmTC_5489c/fast"
/usr/bin/make -f CMakeFiles/cmTC_5489c.dir/build.make CMakeFiles/cmTC_5489c.dir/build
make[1]: Entering directory '/home/marek/code/gary/zmq_comm/target/debug/build/zmq-sys-66865d2f789d4582/out/build/CMakeFiles/CMakeTmp'
Building CXX object CMakeFiles/cmTC_5489c.dir/feature_tests.cxx.o
/usr/bin/c++    -ffunction-sections -fdata-sections -fPIC -m64    -std=c++14 -o CMakeFiles/cmTC_5489c.dir/feature_tests.cxx.o -c /home/marek/code/gary/zmq_comm/target/debug/build/zmq-sys-66865d2f789d4582/out/build/CMakeFiles/feature_tests.cxx
Linking CXX executable cmTC_5489c
/usr/bin/cmake -E cmake_link_script CMakeFiles/cmTC_5489c.dir/link.txt --verbose=1
/usr/bin/c++   -ffunction-sections -fdata-sections -fPIC -m64     -rdynamic CMakeFiles/cmTC_5489c.dir/feature_tests.cxx.o  -o cmTC_5489c 
make[1]: Leaving directory '/home/marek/code/gary/zmq_comm/target/debug/build/zmq-sys-66865d2f789d4582/out/build/CMakeFiles/CMakeTmp'


    Feature record: CXX_FEATURE:1cxx_aggregate_default_initializers
    Feature record: CXX_FEATURE:1cxx_alias_templates
    Feature record: CXX_FEATURE:1cxx_alignas
    Feature record: CXX_FEATURE:1cxx_alignof
    Feature record: CXX_FEATURE:1cxx_attributes
    Feature record: CXX_FEATURE:1cxx_attribute_deprecated
    Feature record: CXX_FEATURE:1cxx_auto_type
    Feature record: CXX_FEATURE:1cxx_binary_literals
    Feature record: CXX_FEATURE:1cxx_constexpr
    Feature record: CXX_FEATURE:1cxx_contextual_conversions
    Feature record: CXX_FEATURE:1cxx_decltype
    Feature record: CXX_FEATURE:1cxx_decltype_auto
    Feature record: CXX_FEATURE:1cxx_decltype_incomplete_return_types
    Feature record: CXX_FEATURE:1cxx_default_function_template_args
    Feature record: CXX_FEATURE:1cxx_defaulted_functions
    Feature record: CXX_FEATURE:1cxx_defaulted_move_initializers
    Feature record: CXX_FEATURE:1cxx_delegating_constructors
    Feature record: CXX_FEATURE:1cxx_deleted_functions
    Feature record: CXX_FEATURE:1cxx_digit_separators
    Feature record: CXX_FEATURE:1cxx_enum_forward_declarations
    Feature record: CXX_FEATURE:1cxx_explicit_conversions
    Feature record: CXX_FEATURE:1cxx_extended_friend_declarations
    Feature record: CXX_FEATURE:1cxx_extern_templates
    Feature record: CXX_FEATURE:1cxx_final
    Feature record: CXX_FEATURE:1cxx_func_identifier
    Feature record: CXX_FEATURE:1cxx_generalized_initializers
    Feature record: CXX_FEATURE:1cxx_generic_lambdas
    Feature record: CXX_FEATURE:1cxx_inheriting_constructors
    Feature record: CXX_FEATURE:1cxx_inline_namespaces
    Feature record: CXX_FEATURE:1cxx_lambdas
    Feature record: CXX_FEATURE:1cxx_lambda_init_captures
    Feature record: CXX_FEATURE:1cxx_local_type_template_args
    Feature record: CXX_FEATURE:1cxx_long_long_type
    Feature record: CXX_FEATURE:1cxx_noexcept
    Feature record: CXX_FEATURE:1cxx_nonstatic_member_init
    Feature record: CXX_FEATURE:1cxx_nullptr
    Feature record: CXX_FEATURE:1cxx_override
    Feature record: CXX_FEATURE:1cxx_range_for
    Feature record: CXX_FEATURE:1cxx_raw_string_literals
    Feature record: CXX_FEATURE:1cxx_reference_qualified_functions
    Feature record: CXX_FEATURE:1cxx_relaxed_constexpr
    Feature record: CXX_FEATURE:1cxx_return_type_deduction
    Feature record: CXX_FEATURE:1cxx_right_angle_brackets
    Feature record: CXX_FEATURE:1cxx_rvalue_references
    Feature record: CXX_FEATURE:1cxx_sizeof_member
    Feature record: CXX_FEATURE:1cxx_static_assert
    Feature record: CXX_FEATURE:1cxx_strong_enums
    Feature record: CXX_FEATURE:1cxx_template_template_parameters
    Feature record: CXX_FEATURE:1cxx_thread_local
    Feature record: CXX_FEATURE:1cxx_trailing_return_types
    Feature record: CXX_FEATURE:1cxx_unicode_literals
    Feature record: CXX_FEATURE:1cxx_uniform_initialization
    Feature record: CXX_FEATURE:1cxx_unrestricted_unions
    Feature record: CXX_FEATURE:1cxx_user_literals
    Feature record: CXX_FEATURE:1cxx_variable_templates
    Feature record: CXX_FEATURE:1cxx_variadic_macros
    Feature record: CXX_FEATURE:1cxx_variadic_templates


Detecting CXX [-std=c++11] compiler features compiled with the following output:
Change Dir: /home/marek/code/gary/zmq_comm/target/debug/build/zmq-sys-66865d2f789d4582/out/build/CMakeFiles/CMakeTmp

Run Build Command:"/usr/bin/make" "cmTC_865c1/fast"
/usr/bin/make -f CMakeFiles/cmTC_865c1.dir/build.make CMakeFiles/cmTC_865c1.dir/build
make[1]: Entering directory '/home/marek/code/gary/zmq_comm/target/debug/build/zmq-sys-66865d2f789d4582/out/build/CMakeFiles/CMakeTmp'
Building CXX object CMakeFiles/cmTC_865c1.dir/feature_tests.cxx.o
/usr/bin/c++    -ffunction-sections -fdata-sections -fPIC -m64    -std=c++11 -o CMakeFiles/cmTC_865c1.dir/feature_tests.cxx.o -c /home/marek/code/gary/zmq_comm/target/debug/build/zmq-sys-66865d2f789d4582/out/build/CMakeFiles/feature_tests.cxx
Linking CXX executable cmTC_865c1
/usr/bin/cmake -E cmake_link_script CMakeFiles/cmTC_865c1.dir/link.txt --verbose=1
/usr/bin/c++   -ffunction-sections -fdata-sections -fPIC -m64     -rdynamic CMakeFiles/cmTC_865c1.dir/feature_tests.cxx.o  -o cmTC_865c1 
make[1]: Leaving directory '/home/marek/code/gary/zmq_comm/target/debug/build/zmq-sys-66865d2f789d4582/out/build/CMakeFiles/CMakeTmp'


    Feature record: CXX_FEATURE:0cxx_aggregate_default_initializers
    Feature record: CXX_FEATURE:1cxx_alias_templates
    Feature record: CXX_FEATURE:1cxx_alignas
    Feature record: CXX_FEATURE:1cxx_alignof
    Feature record: CXX_FEATURE:1cxx_attributes
    Feature record: CXX_FEATURE:0cxx_attribute_deprecated
    Feature record: CXX_FEATURE:1cxx_auto_type
    Feature record: CXX_FEATURE:0cxx_binary_literals
    Feature record: CXX_FEATURE:1cxx_constexpr
    Feature record: CXX_FEATURE:0cxx_contextual_conversions
    Feature record: CXX_FEATURE:1cxx_decltype
    Feature record: CXX_FEATURE:0cxx_decltype_auto
    Feature record: CXX_FEATURE:1cxx_decltype_incomplete_return_types
    Feature record: CXX_FEATURE:1cxx_default_function_template_args
    Feature record: CXX_FEATURE:1cxx_defaulted_functions
    Feature record: CXX_FEATURE:1cxx_defaulted_move_initializers
    Feature record: CXX_FEATURE:1cxx_delegating_constructors
    Feature record: CXX_FEATURE:1cxx_deleted_functions
    Feature record: CXX_FEATURE:0cxx_digit_separators
    Feature record: CXX_FEATURE:1cxx_enum_forward_declarations
    Feature record: CXX_FEATURE:1cxx_explicit_conversions
    Feature record: CXX_FEATURE:1cxx_extended_friend_declarations
    Feature record: CXX_FEATURE:1cxx_extern_templates
    Feature record: CXX_FEATURE:1cxx_final
    Feature record: CXX_FEATURE:1cxx_func_identifier
    Feature record: CXX_FEATURE:1cxx_generalized_initializers
    Feature record: CXX_FEATURE:0cxx_generic_lambdas
    Feature record: CXX_FEATURE:1cxx_inheriting_constructors
    Feature record: CXX_FEATURE:1cxx_inline_namespaces
    Feature record: CXX_FEATURE:1cxx_lambdas
    Feature record: CXX_FEATURE:0cxx_lambda_init_captures
    Feature record: CXX_FEATURE:1cxx_local_type_template_args
    Feature record: CXX_FEATURE:1cxx_long_long_type
    Feature record: CXX_FEATURE:1cxx_noexcept
    Feature record: CXX_FEATURE:1cxx_nonstatic_member_init
    Feature record: CXX_FEATURE:1cxx_nullptr
    Feature record: CXX_FEATURE:1cxx_override
    Feature record: CXX_FEATURE:1cxx_range_for
    Feature record: CXX_FEATURE:1cxx_raw_string_literals
    Feature record: CXX_FEATURE:1cxx_reference_qualified_functions
    Feature record: CXX_FEATURE:0cxx_relaxed_constexpr
    Feature record: CXX_FEATURE:0cxx_return_type_deduction
    Feature record: CXX_FEATURE:1cxx_right_angle_brackets
    Feature record: CXX_FEATURE:1cxx_rvalue_references
    Feature record: CXX_FEATURE:1cxx_sizeof_member
    Feature record: CXX_FEATURE:1cxx_static_assert
    Feature record: CXX_FEATURE:1cxx_strong_enums
    Feature record: CXX_FEATURE:1cxx_template_template_parameters
    Feature record: CXX_FEATURE:1cxx_thread_local
    Feature record: CXX_FEATURE:1cxx_trailing_return_types
    Feature record: CXX_FEATURE:1cxx_unicode_literals
    Feature record: CXX_FEATURE:1cxx_uniform_initialization
    Feature record: CXX_FEATURE:1cxx_unrestricted_unions
    Feature record: CXX_FEATURE:1cxx_user_literals
    Feature record: CXX_FEATURE:0cxx_variable_templates
    Feature record: CXX_FEATURE:1cxx_variadic_macros
    Feature record: CXX_FEATURE:1cxx_variadic_templates


Detecting CXX [-std=c++98] compiler features compiled with the following output:
Change Dir: /home/marek/code/gary/zmq_comm/target/debug/build/zmq-sys-66865d2f789d4582/out/build/CMakeFiles/CMakeTmp

Run Build Command:"/usr/bin/make" "cmTC_5c51f/fast"
/usr/bin/make -f CMakeFiles/cmTC_5c51f.dir/build.make CMakeFiles/cmTC_5c51f.dir/build
make[1]: Entering directory '/home/marek/code/gary/zmq_comm/target/debug/build/zmq-sys-66865d2f789d4582/out/build/CMakeFiles/CMakeTmp'
Building CXX object CMakeFiles/cmTC_5c51f.dir/feature_tests.cxx.o
/usr/bin/c++    -ffunction-sections -fdata-sections -fPIC -m64    -std=c++98 -o CMakeFiles/cmTC_5c51f.dir/feature_tests.cxx.o -c /home/marek/code/gary/zmq_comm/target/debug/build/zmq-sys-66865d2f789d4582/out/build/CMakeFiles/feature_tests.cxx
Linking CXX executable cmTC_5c51f
/usr/bin/cmake -E cmake_link_script CMakeFiles/cmTC_5c51f.dir/link.txt --verbose=1
/usr/bin/c++   -ffunction-sections -fdata-sections -fPIC -m64     -rdynamic CMakeFiles/cmTC_5c51f.dir/feature_tests.cxx.o  -o cmTC_5c51f 
make[1]: Leaving directory '/home/marek/code/gary/zmq_comm/target/debug/build/zmq-sys-66865d2f789d4582/out/build/CMakeFiles/CMakeTmp'


    Feature record: CXX_FEATURE:0cxx_aggregate_default_initializers
    Feature record: CXX_FEATURE:0cxx_alias_templates
    Feature record: CXX_FEATURE:0cxx_alignas
    Feature record: CXX_FEATURE:0cxx_alignof
    Feature record: CXX_FEATURE:0cxx_attributes
    Feature record: CXX_FEATURE:0cxx_attribute_deprecated
    Feature record: CXX_FEATURE:0cxx_auto_type
    Feature record: CXX_FEATURE:0cxx_binary_literals
    Feature record: CXX_FEATURE:0cxx_constexpr
    Feature record: CXX_FEATURE:0cxx_contextual_conversions
    Feature record: CXX_FEATURE:0cxx_decltype
    Feature record: CXX_FEATURE:0cxx_decltype_auto
    Feature record: CXX_FEATURE:0cxx_decltype_incomplete_return_types
    Feature record: CXX_FEATURE:0cxx_default_function_template_args
    Feature record: CXX_FEATURE:0cxx_defaulted_functions
    Feature record: CXX_FEATURE:0cxx_defaulted_move_initializers
    Feature record: CXX_FEATURE:0cxx_delegating_constructors
    Feature record: CXX_FEATURE:0cxx_deleted_functions
    Feature record: CXX_FEATURE:0cxx_digit_separators
    Feature record: CXX_FEATURE:0cxx_enum_forward_declarations
    Feature record: CXX_FEATURE:0cxx_explicit_conversions
    Feature record: CXX_FEATURE:0cxx_extended_friend_declarations
    Feature record: CXX_FEATURE:0cxx_extern_templates
    Feature record: CXX_FEATURE:0cxx_final
    Feature record: CXX_FEATURE:0cxx_func_identifier
    Feature record: CXX_FEATURE:0cxx_generalized_initializers
    Feature record: CXX_FEATURE:0cxx_generic_lambdas
    Feature record: CXX_FEATURE:0cxx_inheriting_constructors
    Feature record: CXX_FEATURE:0cxx_inline_namespaces
    Feature record: CXX_FEATURE:0cxx_lambdas
    Feature record: CXX_FEATURE:0cxx_lambda_init_captures
    Feature record: CXX_FEATURE:0cxx_local_type_template_args
    Feature record: CXX_FEATURE:0cxx_long_long_type
    Feature record: CXX_FEATURE:0cxx_noexcept
    Feature record: CXX_FEATURE:0cxx_nonstatic_member_init
    Feature record: CXX_FEATURE:0cxx_nullptr
    Feature record: CXX_FEATURE:0cxx_override
    Feature record: CXX_FEATURE:0cxx_range_for
    Feature record: CXX_FEATURE:0cxx_raw_string_literals
    Feature record: CXX_FEATURE:0cxx_reference_qualified_functions
    Feature record: CXX_FEATURE:0cxx_relaxed_constexpr
    Feature record: CXX_FEATURE:0cxx_return_type_deduction
    Feature record: CXX_FEATURE:0cxx_right_angle_brackets
    Feature record: CXX_FEATURE:0cxx_rvalue_references
    Feature record: CXX_FEATURE:0cxx_sizeof_member
    Feature record: CXX_FEATURE:0cxx_static_assert
    Feature record: CXX_FEATURE:0cxx_strong_enums
    Feature record: CXX_FEATURE:1cxx_template_template_parameters
    Feature record: CXX_FEATURE:0cxx_thread_local
    Feature record: CXX_FEATURE:0cxx_trailing_return_types
    Feature record: CXX_FEATURE:0cxx_unicode_literals
    Feature record: CXX_FEATURE:0cxx_uniform_initialization
    Feature record: CXX_FEATURE:0cxx_unrestricted_unions
    Feature record: CXX_FEATURE:0cxx_user_literals
    Feature record: CXX_FEATURE:0cxx_variable_templates
    Feature record: CXX_FEATURE:0cxx_variadic_macros
    Feature record: CXX_FEATURE:0cxx_variadic_templates
Performing C++ SOURCE FILE Test COMPILER_SUPPORTS_CXX11 succeeded with the following output:
Change Dir: /home/marek/code/gary/zmq_comm/target/debug/build/zmq-sys-66865d2f789d4582/out/build/CMakeFiles/CMakeTmp

Run Build Command:"/usr/bin/make" "cmTC_8a02e/fast"
/usr/bin/make -f CMakeFiles/cmTC_8a02e.dir/build.make CMakeFiles/cmTC_8a02e.dir/build
make[1]: Entering directory '/home/marek/code/gary/zmq_comm/target/debug/build/zmq-sys-66865d2f789d4582/out/build/CMakeFiles/CMakeTmp'
Building CXX object CMakeFiles/cmTC_8a02e.dir/src.cxx.o
/usr/bin/c++    -ffunction-sections -fdata-sections -fPIC -m64 -DCOMPILER_SUPPORTS_CXX11   -std=gnu++11 -o CMakeFiles/cmTC_8a02e.dir/src.cxx.o -c /home/marek/code/gary/zmq_comm/target/debug/build/zmq-sys-66865d2f789d4582/out/build/CMakeFiles/CMakeTmp/src.cxx
Linking CXX executable cmTC_8a02e
/usr/bin/cmake -E cmake_link_script CMakeFiles/cmTC_8a02e.dir/link.txt --verbose=1
/usr/bin/c++   -ffunction-sections -fdata-sections -fPIC -m64 -DCOMPILER_SUPPORTS_CXX11    -rdynamic CMakeFiles/cmTC_8a02e.dir/src.cxx.o  -o cmTC_8a02e 
make[1]: Leaving directory '/home/marek/code/gary/zmq_comm/target/debug/build/zmq-sys-66865d2f789d4582/out/build/CMakeFiles/CMakeTmp'

Source file was:
int main() { return 0; }
Performing C SOURCE FILE Test COMPILER_SUPPORTS_C11 succeeded with the following output:
Change Dir: /home/marek/code/gary/zmq_comm/target/debug/build/zmq-sys-66865d2f789d4582/out/build/CMakeFiles/CMakeTmp

Run Build Command:"/usr/bin/make" "cmTC_6eac5/fast"
/usr/bin/make -f CMakeFiles/cmTC_6eac5.dir/build.make CMakeFiles/cmTC_6eac5.dir/build
make[1]: Entering directory '/home/marek/code/gary/zmq_comm/target/debug/build/zmq-sys-66865d2f789d4582/out/build/CMakeFiles/CMakeTmp'
Building C object CMakeFiles/cmTC_6eac5.dir/src.c.o
/usr/bin/cc   -ffunction-sections -fdata-sections -fPIC -m64 -DCOMPILER_SUPPORTS_C11   -std=gnu11 -o CMakeFiles/cmTC_6eac5.dir/src.c.o   -c /home/marek/code/gary/zmq_comm/target/debug/build/zmq-sys-66865d2f789d4582/out/build/CMakeFiles/CMakeTmp/src.c
Linking C executable cmTC_6eac5
/usr/bin/cmake -E cmake_link_script CMakeFiles/cmTC_6eac5.dir/link.txt --verbose=1
/usr/bin/cc  -ffunction-sections -fdata-sections -fPIC -m64 -DCOMPILER_SUPPORTS_C11    -rdynamic CMakeFiles/cmTC_6eac5.dir/src.c.o  -o cmTC_6eac5 
make[1]: Leaving directory '/home/marek/code/gary/zmq_comm/target/debug/build/zmq-sys-66865d2f789d4582/out/build/CMakeFiles/CMakeTmp'

Source file was:
int main(void) { return 0; }
Performing C++ SOURCE FILE Test CXX_HAS_TAUT_WARNING succeeded with the following output:
Change Dir: /home/marek/code/gary/zmq_comm/target/debug/build/zmq-sys-66865d2f789d4582/out/build/CMakeFiles/CMakeTmp

Run Build Command:"/usr/bin/make" "cmTC_b25a1/fast"
/usr/bin/make -f CMakeFiles/cmTC_b25a1.dir/build.make CMakeFiles/cmTC_b25a1.dir/build
make[1]: Entering directory '/home/marek/code/gary/zmq_comm/target/debug/build/zmq-sys-66865d2f789d4582/out/build/CMakeFiles/CMakeTmp'
Building CXX object CMakeFiles/cmTC_b25a1.dir/src.cxx.o
/usr/bin/c++    -ffunction-sections -fdata-sections -fPIC -m64 -std=gnu++11 -DCXX_HAS_TAUT_WARNING   -Wno-tautological-constant-compare -o CMakeFiles/cmTC_b25a1.dir/src.cxx.o -c /home/marek/code/gary/zmq_comm/target/debug/build/zmq-sys-66865d2f789d4582/out/build/CMakeFiles/CMakeTmp/src.cxx
Linking CXX executable cmTC_b25a1
/usr/bin/cmake -E cmake_link_script CMakeFiles/cmTC_b25a1.dir/link.txt --verbose=1
/usr/bin/c++   -ffunction-sections -fdata-sections -fPIC -m64 -std=gnu++11 -DCXX_HAS_TAUT_WARNING    -rdynamic CMakeFiles/cmTC_b25a1.dir/src.cxx.o  -o cmTC_b25a1 
make[1]: Leaving directory '/home/marek/code/gary/zmq_comm/target/debug/build/zmq-sys-66865d2f789d4582/out/build/CMakeFiles/CMakeTmp'

Source file was:
int main() { return 0; }
Performing C SOURCE FILE Test CC_HAS_TAUT_WARNING succeeded with the following output:
Change Dir: /home/marek/code/gary/zmq_comm/target/debug/build/zmq-sys-66865d2f789d4582/out/build/CMakeFiles/CMakeTmp

Run Build Command:"/usr/bin/make" "cmTC_5d928/fast"
/usr/bin/make -f CMakeFiles/cmTC_5d928.dir/build.make CMakeFiles/cmTC_5d928.dir/build
make[1]: Entering directory '/home/marek/code/gary/zmq_comm/target/debug/build/zmq-sys-66865d2f789d4582/out/build/CMakeFiles/CMakeTmp'
Building C object CMakeFiles/cmTC_5d928.dir/src.c.o
/usr/bin/cc   -ffunction-sections -fdata-sections -fPIC -m64 -std=gnu11 -DCC_HAS_TAUT_WARNING   -Wno-tautological-constant-compare -o CMakeFiles/cmTC_5d928.dir/src.c.o   -c /home/marek/code/gary/zmq_comm/target/debug/build/zmq-sys-66865d2f789d4582/out/build/CMakeFiles/CMakeTmp/src.c
Linking C executable cmTC_5d928
/usr/bin/cmake -E cmake_link_script CMakeFiles/cmTC_5d928.dir/link.txt --verbose=1
/usr/bin/cc  -ffunction-sections -fdata-sections -fPIC -m64 -std=gnu11 -DCC_HAS_TAUT_WARNING    -rdynamic CMakeFiles/cmTC_5d928.dir/src.c.o  -o cmTC_5d928 
make[1]: Leaving directory '/home/marek/code/gary/zmq_comm/target/debug/build/zmq-sys-66865d2f789d4582/out/build/CMakeFiles/CMakeTmp'

Source file was:
int main(void) { return 0; }
Determining if the function epoll_create exists passed with the following output:
Change Dir: /home/marek/code/gary/zmq_comm/target/debug/build/zmq-sys-66865d2f789d4582/out/build/CMakeFiles/CMakeTmp

Run Build Command:"/usr/bin/make" "cmTC_c6da1/fast"
/usr/bin/make -f CMakeFiles/cmTC_c6da1.dir/build.make CMakeFiles/cmTC_c6da1.dir/build
make[1]: Entering directory '/home/marek/code/gary/zmq_comm/target/debug/build/zmq-sys-66865d2f789d4582/out/build/CMakeFiles/CMakeTmp'
Building C object CMakeFiles/cmTC_c6da1.dir/CheckFunctionExists.c.o
/usr/bin/cc  -I/home/marek/code/gary/zmq_comm/target/debug/build/zmq-sys-66865d2f789d4582/out/build/CMakeFiles/CMakeTmp/sys/epoll.h  -ffunction-sections -fdata-sections -fPIC -m64 -std=gnu11 -Wno-tautological-constant-compare -DCHECK_FUNCTION_EXISTS=epoll_create   -o CMakeFiles/cmTC_c6da1.dir/CheckFunctionExists.c.o   -c /usr/share/cmake-3.13/Modules/CheckFunctionExists.c
Linking C executable cmTC_c6da1
/usr/bin/cmake -E cmake_link_script CMakeFiles/cmTC_c6da1.dir/link.txt --verbose=1
/usr/bin/cc  -ffunction-sections -fdata-sections -fPIC -m64 -std=gnu11 -Wno-tautological-constant-compare -DCHECK_FUNCTION_EXISTS=epoll_create    -rdynamic CMakeFiles/cmTC_c6da1.dir/CheckFunctionExists.c.o  -o cmTC_c6da1 
make[1]: Leaving directory '/home/marek/code/gary/zmq_comm/target/debug/build/zmq-sys-66865d2f789d4582/out/build/CMakeFiles/CMakeTmp'


Determining if the function epoll_create1 exists passed with the following output:
Change Dir: /home/marek/code/gary/zmq_comm/target/debug/build/zmq-sys-66865d2f789d4582/out/build/CMakeFiles/CMakeTmp

Run Build Command:"/usr/bin/make" "cmTC_4954a/fast"
/usr/bin/make -f CMakeFiles/cmTC_4954a.dir/build.make CMakeFiles/cmTC_4954a.dir/build
make[1]: Entering directory '/home/marek/code/gary/zmq_comm/target/debug/build/zmq-sys-66865d2f789d4582/out/build/CMakeFiles/CMakeTmp'
Building C object CMakeFiles/cmTC_4954a.dir/CheckFunctionExists.c.o
/usr/bin/cc   -ffunction-sections -fdata-sections -fPIC -m64 -std=gnu11 -Wno-tautological-constant-compare -DCHECK_FUNCTION_EXISTS=epoll_create1   -o CMakeFiles/cmTC_4954a.dir/CheckFunctionExists.c.o   -c /usr/share/cmake-3.13/Modules/CheckFunctionExists.c
Linking C executable cmTC_4954a
/usr/bin/cmake -E cmake_link_script CMakeFiles/cmTC_4954a.dir/link.txt --verbose=1
/usr/bin/cc  -ffunction-sections -fdata-sections -fPIC -m64 -std=gnu11 -Wno-tautological-constant-compare -DCHECK_FUNCTION_EXISTS=epoll_create1    -rdynamic CMakeFiles/cmTC_4954a.dir/CheckFunctionExists.c.o  -o cmTC_4954a 
make[1]: Leaving directory '/home/marek/code/gary/zmq_comm/target/debug/build/zmq-sys-66865d2f789d4582/out/build/CMakeFiles/CMakeTmp'


Determining if files ifaddrs.h exist passed with the following output:
Change Dir: /home/marek/code/gary/zmq_comm/target/debug/build/zmq-sys-66865d2f789d4582/out/build/CMakeFiles/CMakeTmp

Run Build Command:"/usr/bin/make" "cmTC_eee07/fast"
/usr/bin/make -f CMakeFiles/cmTC_eee07.dir/build.make CMakeFiles/cmTC_eee07.dir/build
make[1]: Entering directory '/home/marek/code/gary/zmq_comm/target/debug/build/zmq-sys-66865d2f789d4582/out/build/CMakeFiles/CMakeTmp'
Building C object CMakeFiles/cmTC_eee07.dir/ZMQ_HAVE_IFADDRS.c.o
/usr/bin/cc   -ffunction-sections -fdata-sections -fPIC -m64 -std=gnu11 -Wno-tautological-constant-compare    -o CMakeFiles/cmTC_eee07.dir/ZMQ_HAVE_IFADDRS.c.o   -c /home/marek/code/gary/zmq_comm/target/debug/build/zmq-sys-66865d2f789d4582/out/build/CMakeFiles/CheckIncludeFiles/ZMQ_HAVE_IFADDRS.c
Linking C executable cmTC_eee07
/usr/bin/cmake -E cmake_link_script CMakeFiles/cmTC_eee07.dir/link.txt --verbose=1
/usr/bin/cc  -ffunction-sections -fdata-sections -fPIC -m64 -std=gnu11 -Wno-tautological-constant-compare     -rdynamic CMakeFiles/cmTC_eee07.dir/ZMQ_HAVE_IFADDRS.c.o  -o cmTC_eee07 
make[1]: Leaving directory '/home/marek/code/gary/zmq_comm/target/debug/build/zmq-sys-66865d2f789d4582/out/build/CMakeFiles/CMakeTmp'


Determining if files sys/uio.h exist passed with the following output:
Change Dir: /home/marek/code/gary/zmq_comm/target/debug/build/zmq-sys-66865d2f789d4582/out/build/CMakeFiles/CMakeTmp

Run Build Command:"/usr/bin/make" "cmTC_a4e58/fast"
/usr/bin/make -f CMakeFiles/cmTC_a4e58.dir/build.make CMakeFiles/cmTC_a4e58.dir/build
make[1]: Entering directory '/home/marek/code/gary/zmq_comm/target/debug/build/zmq-sys-66865d2f789d4582/out/build/CMakeFiles/CMakeTmp'
Building C object CMakeFiles/cmTC_a4e58.dir/ZMQ_HAVE_UIO.c.o
/usr/bin/cc   -ffunction-sections -fdata-sections -fPIC -m64 -std=gnu11 -Wno-tautological-constant-compare    -o CMakeFiles/cmTC_a4e58.dir/ZMQ_HAVE_UIO.c.o   -c /home/marek/code/gary/zmq_comm/target/debug/build/zmq-sys-66865d2f789d4582/out/build/CMakeFiles/CheckIncludeFiles/ZMQ_HAVE_UIO.c
Linking C executable cmTC_a4e58
/usr/bin/cmake -E cmake_link_script CMakeFiles/cmTC_a4e58.dir/link.txt --verbose=1
/usr/bin/cc  -ffunction-sections -fdata-sections -fPIC -m64 -std=gnu11 -Wno-tautological-constant-compare     -rdynamic CMakeFiles/cmTC_a4e58.dir/ZMQ_HAVE_UIO.c.o  -o cmTC_a4e58 
make[1]: Leaving directory '/home/marek/code/gary/zmq_comm/target/debug/build/zmq-sys-66865d2f789d4582/out/build/CMakeFiles/CMakeTmp'


Determining if files sys/eventfd.h exist passed with the following output:
Change Dir: /home/marek/code/gary/zmq_comm/target/debug/build/zmq-sys-66865d2f789d4582/out/build/CMakeFiles/CMakeTmp

Run Build Command:"/usr/bin/make" "cmTC_b375d/fast"
/usr/bin/make -f CMakeFiles/cmTC_b375d.dir/build.make CMakeFiles/cmTC_b375d.dir/build
make[1]: Entering directory '/home/marek/code/gary/zmq_comm/target/debug/build/zmq-sys-66865d2f789d4582/out/build/CMakeFiles/CMakeTmp'
Building C object CMakeFiles/cmTC_b375d.dir/ZMQ_HAVE_EVENTFD.c.o
/usr/bin/cc   -ffunction-sections -fdata-sections -fPIC -m64 -std=gnu11 -Wno-tautological-constant-compare    -o CMakeFiles/cmTC_b375d.dir/ZMQ_HAVE_EVENTFD.c.o   -c /home/marek/code/gary/zmq_comm/target/debug/build/zmq-sys-66865d2f789d4582/out/build/CMakeFiles/CheckIncludeFiles/ZMQ_HAVE_EVENTFD.c
Linking C executable cmTC_b375d
/usr/bin/cmake -E cmake_link_script CMakeFiles/cmTC_b375d.dir/link.txt --verbose=1
/usr/bin/cc  -ffunction-sections -fdata-sections -fPIC -m64 -std=gnu11 -Wno-tautological-constant-compare     -rdynamic CMakeFiles/cmTC_b375d.dir/ZMQ_HAVE_EVENTFD.c.o  -o cmTC_b375d 
make[1]: Leaving directory '/home/marek/code/gary/zmq_comm/target/debug/build/zmq-sys-66865d2f789d4582/out/build/CMakeFiles/CMakeTmp'


Performing C SOURCE FILE Test ZMQ_HAVE_EVENTFD_CLOEXEC succeeded with the following compile output:
Change Dir: /home/marek/code/gary/zmq_comm/target/debug/build/zmq-sys-66865d2f789d4582/out/build/CMakeFiles/CMakeTmp

Run Build Command:"/usr/bin/make" "cmTC_75a27/fast"
/usr/bin/make -f CMakeFiles/cmTC_75a27.dir/build.make CMakeFiles/cmTC_75a27.dir/build
make[1]: Entering directory '/home/marek/code/gary/zmq_comm/target/debug/build/zmq-sys-66865d2f789d4582/out/build/CMakeFiles/CMakeTmp'
Building C object CMakeFiles/cmTC_75a27.dir/src.c.o
/usr/bin/cc   -ffunction-sections -fdata-sections -fPIC -m64 -std=gnu11 -Wno-tautological-constant-compare -DZMQ_HAVE_EVENTFD_CLOEXEC   -o CMakeFiles/cmTC_75a27.dir/src.c.o   -c /home/marek/code/gary/zmq_comm/target/debug/build/zmq-sys-66865d2f789d4582/out/build/CMakeFiles/CMakeTmp/src.c
Linking C executable cmTC_75a27
/usr/bin/cmake -E cmake_link_script CMakeFiles/cmTC_75a27.dir/link.txt --verbose=1
/usr/bin/cc  -ffunction-sections -fdata-sections -fPIC -m64 -std=gnu11 -Wno-tautological-constant-compare -DZMQ_HAVE_EVENTFD_CLOEXEC    -rdynamic CMakeFiles/cmTC_75a27.dir/src.c.o  -o cmTC_75a27 
make[1]: Leaving directory '/home/marek/code/gary/zmq_comm/target/debug/build/zmq-sys-66865d2f789d4582/out/build/CMakeFiles/CMakeTmp'

...and run output:

Return value: 1
Source file was:

#include <sys/eventfd.h>

int main(int argc, char *argv [])
{
    int s = eventfd (0, EFD_CLOEXEC);
    return(s == -1);
}

Determining if the SO_PEERCRED exist passed with the following output:
Change Dir: /home/marek/code/gary/zmq_comm/target/debug/build/zmq-sys-66865d2f789d4582/out/build/CMakeFiles/CMakeTmp

Run Build Command:"/usr/bin/make" "cmTC_fd88c/fast"
/usr/bin/make -f CMakeFiles/cmTC_fd88c.dir/build.make CMakeFiles/cmTC_fd88c.dir/build
make[1]: Entering directory '/home/marek/code/gary/zmq_comm/target/debug/build/zmq-sys-66865d2f789d4582/out/build/CMakeFiles/CMakeTmp'
Building CXX object CMakeFiles/cmTC_fd88c.dir/CheckSymbolExists.cxx.o
/usr/bin/c++    -ffunction-sections -fdata-sections -fPIC -m64 -std=gnu++11 -Wno-tautological-constant-compare    -o CMakeFiles/cmTC_fd88c.dir/CheckSymbolExists.cxx.o -c /home/marek/code/gary/zmq_comm/target/debug/build/zmq-sys-66865d2f789d4582/out/build/CMakeFiles/CMakeTmp/CheckSymbolExists.cxx
Linking CXX executable cmTC_fd88c
/usr/bin/cmake -E cmake_link_script CMakeFiles/cmTC_fd88c.dir/link.txt --verbose=1
/usr/bin/c++   -ffunction-sections -fdata-sections -fPIC -m64 -std=gnu++11 -Wno-tautological-constant-compare     -rdynamic CMakeFiles/cmTC_fd88c.dir/CheckSymbolExists.cxx.o  -o cmTC_fd88c 
make[1]: Leaving directory '/home/marek/code/gary/zmq_comm/target/debug/build/zmq-sys-66865d2f789d4582/out/build/CMakeFiles/CMakeTmp'

File /home/marek/code/gary/zmq_comm/target/debug/build/zmq-sys-66865d2f789d4582/out/build/CMakeFiles/CMakeTmp/CheckSymbolExists.cxx:
/* */
#include <sys/socket.h>

int main(int argc, char** argv)
{
  (void)argv;
#ifndef SO_PEERCRED
  return ((int*)(&SO_PEERCRED))[argc];
#else
  (void)argc;
  return 0;
#endif
}

Determining if the include file pthread.h exists passed with the following output:
Change Dir: /home/marek/code/gary/zmq_comm/target/debug/build/zmq-sys-66865d2f789d4582/out/build/CMakeFiles/CMakeTmp

Run Build Command:"/usr/bin/make" "cmTC_d52c9/fast"
/usr/bin/make -f CMakeFiles/cmTC_d52c9.dir/build.make CMakeFiles/cmTC_d52c9.dir/build
make[1]: Entering directory '/home/marek/code/gary/zmq_comm/target/debug/build/zmq-sys-66865d2f789d4582/out/build/CMakeFiles/CMakeTmp'
Building C object CMakeFiles/cmTC_d52c9.dir/CheckIncludeFile.c.o
/usr/bin/cc   -ffunction-sections -fdata-sections -fPIC -m64 -std=gnu11 -Wno-tautological-constant-compare    -o CMakeFiles/cmTC_d52c9.dir/CheckIncludeFile.c.o   -c /home/marek/code/gary/zmq_comm/target/debug/build/zmq-sys-66865d2f789d4582/out/build/CMakeFiles/CMakeTmp/CheckIncludeFile.c
Linking C executable cmTC_d52c9
/usr/bin/cmake -E cmake_link_script CMakeFiles/cmTC_d52c9.dir/link.txt --verbose=1
/usr/bin/cc  -ffunction-sections -fdata-sections -fPIC -m64 -std=gnu11 -Wno-tautological-constant-compare     -rdynamic CMakeFiles/cmTC_d52c9.dir/CheckIncludeFile.c.o  -o cmTC_d52c9 
make[1]: Leaving directory '/home/marek/code/gary/zmq_comm/target/debug/build/zmq-sys-66865d2f789d4582/out/build/CMakeFiles/CMakeTmp'


Determining if the function pthread_create exists in the pthread passed with the following output:
Change Dir: /home/marek/code/gary/zmq_comm/target/debug/build/zmq-sys-66865d2f789d4582/out/build/CMakeFiles/CMakeTmp

Run Build Command:"/usr/bin/make" "cmTC_33bf2/fast"
/usr/bin/make -f CMakeFiles/cmTC_33bf2.dir/build.make CMakeFiles/cmTC_33bf2.dir/build
make[1]: Entering directory '/home/marek/code/gary/zmq_comm/target/debug/build/zmq-sys-66865d2f789d4582/out/build/CMakeFiles/CMakeTmp'
Building C object CMakeFiles/cmTC_33bf2.dir/CheckFunctionExists.c.o
/usr/bin/cc   -ffunction-sections -fdata-sections -fPIC -m64 -std=gnu11 -Wno-tautological-constant-compare -DCHECK_FUNCTION_EXISTS=pthread_create   -o CMakeFiles/cmTC_33bf2.dir/CheckFunctionExists.c.o   -c /usr/share/cmake-3.13/Modules/CheckFunctionExists.c
Linking C executable cmTC_33bf2
/usr/bin/cmake -E cmake_link_script CMakeFiles/cmTC_33bf2.dir/link.txt --verbose=1
/usr/bin/cc  -ffunction-sections -fdata-sections -fPIC -m64 -std=gnu11 -Wno-tautological-constant-compare -DCHECK_FUNCTION_EXISTS=pthread_create    -rdynamic CMakeFiles/cmTC_33bf2.dir/CheckFunctionExists.c.o  -o cmTC_33bf2 -lpthread 
make[1]: Leaving directory '/home/marek/code/gary/zmq_comm/target/debug/build/zmq-sys-66865d2f789d4582/out/build/CMakeFiles/CMakeTmp'


Determining if the function clock_gettime exists passed with the following output:
Change Dir: /home/marek/code/gary/zmq_comm/target/debug/build/zmq-sys-66865d2f789d4582/out/build/CMakeFiles/CMakeTmp

Run Build Command:"/usr/bin/make" "cmTC_be084/fast"
/usr/bin/make -f CMakeFiles/cmTC_be084.dir/build.make CMakeFiles/cmTC_be084.dir/build
make[1]: Entering directory '/home/marek/code/gary/zmq_comm/target/debug/build/zmq-sys-66865d2f789d4582/out/build/CMakeFiles/CMakeTmp'
Building C object CMakeFiles/cmTC_be084.dir/CheckFunctionExists.c.o
/usr/bin/cc   -ffunction-sections -fdata-sections -fPIC -m64 -std=gnu11 -Wno-tautological-constant-compare -DCHECK_FUNCTION_EXISTS=clock_gettime   -o CMakeFiles/cmTC_be084.dir/CheckFunctionExists.c.o   -c /usr/share/cmake-3.13/Modules/CheckFunctionExists.c
Linking C executable cmTC_be084
/usr/bin/cmake -E cmake_link_script CMakeFiles/cmTC_be084.dir/link.txt --verbose=1
/usr/bin/cc  -ffunction-sections -fdata-sections -fPIC -m64 -std=gnu11 -Wno-tautological-constant-compare -DCHECK_FUNCTION_EXISTS=clock_gettime    -rdynamic CMakeFiles/cmTC_be084.dir/CheckFunctionExists.c.o  -o cmTC_be084 -lrt 
make[1]: Leaving directory '/home/marek/code/gary/zmq_comm/target/debug/build/zmq-sys-66865d2f789d4582/out/build/CMakeFiles/CMakeTmp'


Determining if the function fork exists passed with the following output:
Change Dir: /home/marek/code/gary/zmq_comm/target/debug/build/zmq-sys-66865d2f789d4582/out/build/CMakeFiles/CMakeTmp

Run Build Command:"/usr/bin/make" "cmTC_80b61/fast"
/usr/bin/make -f CMakeFiles/cmTC_80b61.dir/build.make CMakeFiles/cmTC_80b61.dir/build
make[1]: Entering directory '/home/marek/code/gary/zmq_comm/target/debug/build/zmq-sys-66865d2f789d4582/out/build/CMakeFiles/CMakeTmp'
Building C object CMakeFiles/cmTC_80b61.dir/CheckFunctionExists.c.o
/usr/bin/cc  -I/home/marek/code/gary/zmq_comm/target/debug/build/zmq-sys-66865d2f789d4582/out/build/CMakeFiles/CMakeTmp/unistd.h  -ffunction-sections -fdata-sections -fPIC -m64 -std=gnu11 -Wno-tautological-constant-compare -DCHECK_FUNCTION_EXISTS=fork   -o CMakeFiles/cmTC_80b61.dir/CheckFunctionExists.c.o   -c /usr/share/cmake-3.13/Modules/CheckFunctionExists.c
<command-line>: warning: conflicting types for built-in function fork [-Wbuiltin-declaration-mismatch]
/usr/share/cmake-3.13/Modules/CheckFunctionExists.c:7:3: note: in expansion of macro CHECK_FUNCTION_EXISTS
   CHECK_FUNCTION_EXISTS(void);
   ^~~~~~~~~~~~~~~~~~~~~
cc1: warning: unrecognized command line option -Wno-tautological-constant-compare
Linking C executable cmTC_80b61
/usr/bin/cmake -E cmake_link_script CMakeFiles/cmTC_80b61.dir/link.txt --verbose=1
/usr/bin/cc  -ffunction-sections -fdata-sections -fPIC -m64 -std=gnu11 -Wno-tautological-constant-compare -DCHECK_FUNCTION_EXISTS=fork    -rdynamic CMakeFiles/cmTC_80b61.dir/CheckFunctionExists.c.o  -o cmTC_80b61 
make[1]: Leaving directory '/home/marek/code/gary/zmq_comm/target/debug/build/zmq-sys-66865d2f789d4582/out/build/CMakeFiles/CMakeTmp'


Determining if the function mkdtemp exists passed with the following output:
Change Dir: /home/marek/code/gary/zmq_comm/target/debug/build/zmq-sys-66865d2f789d4582/out/build/CMakeFiles/CMakeTmp

Run Build Command:"/usr/bin/make" "cmTC_7190c/fast"
/usr/bin/make -f CMakeFiles/cmTC_7190c.dir/build.make CMakeFiles/cmTC_7190c.dir/build
make[1]: Entering directory '/home/marek/code/gary/zmq_comm/target/debug/build/zmq-sys-66865d2f789d4582/out/build/CMakeFiles/CMakeTmp'
Building C object CMakeFiles/cmTC_7190c.dir/CheckFunctionExists.c.o
/usr/bin/cc  -I/home/marek/code/gary/zmq_comm/target/debug/build/zmq-sys-66865d2f789d4582/out/build/CMakeFiles/CMakeTmp/stdlib.h  -ffunction-sections -fdata-sections -fPIC -m64 -std=gnu11 -Wno-tautological-constant-compare -DCHECK_FUNCTION_EXISTS=mkdtemp   -o CMakeFiles/cmTC_7190c.dir/CheckFunctionExists.c.o   -c /usr/share/cmake-3.13/Modules/CheckFunctionExists.c
Linking C executable cmTC_7190c
/usr/bin/cmake -E cmake_link_script CMakeFiles/cmTC_7190c.dir/link.txt --verbose=1
/usr/bin/cc  -ffunction-sections -fdata-sections -fPIC -m64 -std=gnu11 -Wno-tautological-constant-compare -DCHECK_FUNCTION_EXISTS=mkdtemp    -rdynamic CMakeFiles/cmTC_7190c.dir/CheckFunctionExists.c.o  -o cmTC_7190c 
make[1]: Leaving directory '/home/marek/code/gary/zmq_comm/target/debug/build/zmq-sys-66865d2f789d4582/out/build/CMakeFiles/CMakeTmp'


Determining if the function accept4 exists passed with the following output:
Change Dir: /home/marek/code/gary/zmq_comm/target/debug/build/zmq-sys-66865d2f789d4582/out/build/CMakeFiles/CMakeTmp

Run Build Command:"/usr/bin/make" "cmTC_3b412/fast"
/usr/bin/make -f CMakeFiles/cmTC_3b412.dir/build.make CMakeFiles/cmTC_3b412.dir/build
make[1]: Entering directory '/home/marek/code/gary/zmq_comm/target/debug/build/zmq-sys-66865d2f789d4582/out/build/CMakeFiles/CMakeTmp'
Building C object CMakeFiles/cmTC_3b412.dir/CheckFunctionExists.c.o
/usr/bin/cc  -I/home/marek/code/gary/zmq_comm/target/debug/build/zmq-sys-66865d2f789d4582/out/build/CMakeFiles/CMakeTmp/sys/socket.h  -ffunction-sections -fdata-sections -fPIC -m64 -std=gnu11 -Wno-tautological-constant-compare -DCHECK_FUNCTION_EXISTS=accept4   -o CMakeFiles/cmTC_3b412.dir/CheckFunctionExists.c.o   -c /usr/share/cmake-3.13/Modules/CheckFunctionExists.c
Linking C executable cmTC_3b412
/usr/bin/cmake -E cmake_link_script CMakeFiles/cmTC_3b412.dir/link.txt --verbose=1
/usr/bin/cc  -ffunction-sections -fdata-sections -fPIC -m64 -std=gnu11 -Wno-tautological-constant-compare -DCHECK_FUNCTION_EXISTS=accept4    -rdynamic CMakeFiles/cmTC_3b412.dir/CheckFunctionExists.c.o  -o cmTC_3b412 
make[1]: Leaving directory '/home/marek/code/gary/zmq_comm/target/debug/build/zmq-sys-66865d2f789d4582/out/build/CMakeFiles/CMakeTmp'


Performing C++ SOURCE FILE Test ZMQ_HAVE_NOEXCEPT succeeded with the following output:
Change Dir: /home/marek/code/gary/zmq_comm/target/debug/build/zmq-sys-66865d2f789d4582/out/build/CMakeFiles/CMakeTmp

Run Build Command:"/usr/bin/make" "cmTC_850ae/fast"
/usr/bin/make -f CMakeFiles/cmTC_850ae.dir/build.make CMakeFiles/cmTC_850ae.dir/build
make[1]: Entering directory '/home/marek/code/gary/zmq_comm/target/debug/build/zmq-sys-66865d2f789d4582/out/build/CMakeFiles/CMakeTmp'
Building CXX object CMakeFiles/cmTC_850ae.dir/src.cxx.o
/usr/bin/c++    -ffunction-sections -fdata-sections -fPIC -m64 -std=gnu++11 -Wno-tautological-constant-compare -DZMQ_HAVE_NOEXCEPT   -o CMakeFiles/cmTC_850ae.dir/src.cxx.o -c /home/marek/code/gary/zmq_comm/target/debug/build/zmq-sys-66865d2f789d4582/out/build/CMakeFiles/CMakeTmp/src.cxx
Linking CXX executable cmTC_850ae
/usr/bin/cmake -E cmake_link_script CMakeFiles/cmTC_850ae.dir/link.txt --verbose=1
/usr/bin/c++   -ffunction-sections -fdata-sections -fPIC -m64 -std=gnu++11 -Wno-tautological-constant-compare -DZMQ_HAVE_NOEXCEPT    -rdynamic CMakeFiles/cmTC_850ae.dir/src.cxx.o  -o cmTC_850ae 
make[1]: Leaving directory '/home/marek/code/gary/zmq_comm/target/debug/build/zmq-sys-66865d2f789d4582/out/build/CMakeFiles/CMakeTmp'

Source file was:

struct X 
{
    X(int i) noexcept {}
};

int main(int argc, char *argv [])
{
    X x(5);
    return 0;
}

Performing C SOURCE FILE Test ZMQ_HAVE_SOCK_CLOEXEC succeeded with the following compile output:
Change Dir: /home/marek/code/gary/zmq_comm/target/debug/build/zmq-sys-66865d2f789d4582/out/build/CMakeFiles/CMakeTmp

Run Build Command:"/usr/bin/make" "cmTC_f1217/fast"
/usr/bin/make -f CMakeFiles/cmTC_f1217.dir/build.make CMakeFiles/cmTC_f1217.dir/build
make[1]: Entering directory '/home/marek/code/gary/zmq_comm/target/debug/build/zmq-sys-66865d2f789d4582/out/build/CMakeFiles/CMakeTmp'
Building C object CMakeFiles/cmTC_f1217.dir/src.c.o
/usr/bin/cc   -ffunction-sections -fdata-sections -fPIC -m64 -std=gnu11 -Wno-tautological-constant-compare -DZMQ_HAVE_SOCK_CLOEXEC   -o CMakeFiles/cmTC_f1217.dir/src.c.o   -c /home/marek/code/gary/zmq_comm/target/debug/build/zmq-sys-66865d2f789d4582/out/build/CMakeFiles/CMakeTmp/src.c
Linking C executable cmTC_f1217
/usr/bin/cmake -E cmake_link_script CMakeFiles/cmTC_f1217.dir/link.txt --verbose=1
/usr/bin/cc  -ffunction-sections -fdata-sections -fPIC -m64 -std=gnu11 -Wno-tautological-constant-compare -DZMQ_HAVE_SOCK_CLOEXEC    -rdynamic CMakeFiles/cmTC_f1217.dir/src.c.o  -o cmTC_f1217 
make[1]: Leaving directory '/home/marek/code/gary/zmq_comm/target/debug/build/zmq-sys-66865d2f789d4582/out/build/CMakeFiles/CMakeTmp'

...and run output:

Return value: 1
Source file was:

#include <sys/types.h>
#include <sys/socket.h>

int main(int argc, char *argv [])
{
    int s = socket(PF_INET, SOCK_STREAM | SOCK_CLOEXEC, 0);
    return(s == -1);
}

Performing C SOURCE FILE Test ZMQ_HAVE_O_CLOEXEC succeeded with the following compile output:
Change Dir: /home/marek/code/gary/zmq_comm/target/debug/build/zmq-sys-66865d2f789d4582/out/build/CMakeFiles/CMakeTmp

Run Build Command:"/usr/bin/make" "cmTC_e1b19/fast"
/usr/bin/make -f CMakeFiles/cmTC_e1b19.dir/build.make CMakeFiles/cmTC_e1b19.dir/build
make[1]: Entering directory '/home/marek/code/gary/zmq_comm/target/debug/build/zmq-sys-66865d2f789d4582/out/build/CMakeFiles/CMakeTmp'
Building C object CMakeFiles/cmTC_e1b19.dir/src.c.o
/usr/bin/cc   -ffunction-sections -fdata-sections -fPIC -m64 -std=gnu11 -Wno-tautological-constant-compare -DZMQ_HAVE_O_CLOEXEC   -o CMakeFiles/cmTC_e1b19.dir/src.c.o   -c /home/marek/code/gary/zmq_comm/target/debug/build/zmq-sys-66865d2f789d4582/out/build/CMakeFiles/CMakeTmp/src.c
Linking C executable cmTC_e1b19
/usr/bin/cmake -E cmake_link_script CMakeFiles/cmTC_e1b19.dir/link.txt --verbose=1
/usr/bin/cc  -ffunction-sections -fdata-sections -fPIC -m64 -std=gnu11 -Wno-tautological-constant-compare -DZMQ_HAVE_O_CLOEXEC    -rdynamic CMakeFiles/cmTC_e1b19.dir/src.c.o  -o cmTC_e1b19 
make[1]: Leaving directory '/home/marek/code/gary/zmq_comm/target/debug/build/zmq-sys-66865d2f789d4582/out/build/CMakeFiles/CMakeTmp'

...and run output:

Return value: 1
Source file was:

#include <sys/types.h>
#include <sys/stat.h>
#include <fcntl.h>

int main(int argc, char *argv [])
{
    int s = open ("/dev/null", O_CLOEXEC | O_RDONLY);
    return (s == -1);
}

Performing C SOURCE FILE Test ZMQ_HAVE_SO_BINDTODEVICE succeeded with the following compile output:
Change Dir: /home/marek/code/gary/zmq_comm/target/debug/build/zmq-sys-66865d2f789d4582/out/build/CMakeFiles/CMakeTmp

Run Build Command:"/usr/bin/make" "cmTC_1e09a/fast"
/usr/bin/make -f CMakeFiles/cmTC_1e09a.dir/build.make CMakeFiles/cmTC_1e09a.dir/build
make[1]: Entering directory '/home/marek/code/gary/zmq_comm/target/debug/build/zmq-sys-66865d2f789d4582/out/build/CMakeFiles/CMakeTmp'
Building C object CMakeFiles/cmTC_1e09a.dir/src.c.o
/usr/bin/cc   -ffunction-sections -fdata-sections -fPIC -m64 -std=gnu11 -Wno-tautological-constant-compare -DZMQ_HAVE_SO_BINDTODEVICE   -o CMakeFiles/cmTC_1e09a.dir/src.c.o   -c /home/marek/code/gary/zmq_comm/target/debug/build/zmq-sys-66865d2f789d4582/out/build/CMakeFiles/CMakeTmp/src.c
Linking C executable cmTC_1e09a
/usr/bin/cmake -E cmake_link_script CMakeFiles/cmTC_1e09a.dir/link.txt --verbose=1
/usr/bin/cc  -ffunction-sections -fdata-sections -fPIC -m64 -std=gnu11 -Wno-tautological-constant-compare -DZMQ_HAVE_SO_BINDTODEVICE    -rdynamic CMakeFiles/cmTC_1e09a.dir/src.c.o  -o cmTC_1e09a 
make[1]: Leaving directory '/home/marek/code/gary/zmq_comm/target/debug/build/zmq-sys-66865d2f789d4582/out/build/CMakeFiles/CMakeTmp'

...and run output:

Return value: 1
Source file was:

#include <sys/socket.h>

int main(int argc, char *argv [])
{
/* Actually making the setsockopt() call requires CAP_NET_RAW */
#ifndef SO_BINDTODEVICE
    return 1;
#else
    return 0;
#endif
}

Performing C SOURCE FILE Test ZMQ_HAVE_SO_KEEPALIVE succeeded with the following compile output:
Change Dir: /home/marek/code/gary/zmq_comm/target/debug/build/zmq-sys-66865d2f789d4582/out/build/CMakeFiles/CMakeTmp

Run Build Command:"/usr/bin/make" "cmTC_931ea/fast"
/usr/bin/make -f CMakeFiles/cmTC_931ea.dir/build.make CMakeFiles/cmTC_931ea.dir/build
make[1]: Entering directory '/home/marek/code/gary/zmq_comm/target/debug/build/zmq-sys-66865d2f789d4582/out/build/CMakeFiles/CMakeTmp'
Building C object CMakeFiles/cmTC_931ea.dir/src.c.o
/usr/bin/cc   -ffunction-sections -fdata-sections -fPIC -m64 -std=gnu11 -Wno-tautological-constant-compare -DZMQ_HAVE_SO_KEEPALIVE   -o CMakeFiles/cmTC_931ea.dir/src.c.o   -c /home/marek/code/gary/zmq_comm/target/debug/build/zmq-sys-66865d2f789d4582/out/build/CMakeFiles/CMakeTmp/src.c
Linking C executable cmTC_931ea
/usr/bin/cmake -E cmake_link_script CMakeFiles/cmTC_931ea.dir/link.txt --verbose=1
/usr/bin/cc  -ffunction-sections -fdata-sections -fPIC -m64 -std=gnu11 -Wno-tautological-constant-compare -DZMQ_HAVE_SO_KEEPALIVE    -rdynamic CMakeFiles/cmTC_931ea.dir/src.c.o  -o cmTC_931ea 
make[1]: Leaving directory '/home/marek/code/gary/zmq_comm/target/debug/build/zmq-sys-66865d2f789d4582/out/build/CMakeFiles/CMakeTmp'

...and run output:

Return value: 1
Source file was:

#include <sys/types.h>
#include <sys/socket.h>

int main(int argc, char *argv [])
{
    int s, rc, opt = 1;
    return(
       ((s = socket(PF_INET, SOCK_STREAM, 0)) == -1) ||
       ((rc = setsockopt(s, SOL_SOCKET, SO_KEEPALIVE,(char*) &opt, sizeof(int))) == -1)
    );
}

Performing C SOURCE FILE Test ZMQ_HAVE_TCP_KEEPCNT succeeded with the following compile output:
Change Dir: /home/marek/code/gary/zmq_comm/target/debug/build/zmq-sys-66865d2f789d4582/out/build/CMakeFiles/CMakeTmp

Run Build Command:"/usr/bin/make" "cmTC_e3e89/fast"
/usr/bin/make -f CMakeFiles/cmTC_e3e89.dir/build.make CMakeFiles/cmTC_e3e89.dir/build
make[1]: Entering directory '/home/marek/code/gary/zmq_comm/target/debug/build/zmq-sys-66865d2f789d4582/out/build/CMakeFiles/CMakeTmp'
Building C object CMakeFiles/cmTC_e3e89.dir/src.c.o
/usr/bin/cc   -ffunction-sections -fdata-sections -fPIC -m64 -std=gnu11 -Wno-tautological-constant-compare -DZMQ_HAVE_TCP_KEEPCNT   -o CMakeFiles/cmTC_e3e89.dir/src.c.o   -c /home/marek/code/gary/zmq_comm/target/debug/build/zmq-sys-66865d2f789d4582/out/build/CMakeFiles/CMakeTmp/src.c
Linking C executable cmTC_e3e89
/usr/bin/cmake -E cmake_link_script CMakeFiles/cmTC_e3e89.dir/link.txt --verbose=1
/usr/bin/cc  -ffunction-sections -fdata-sections -fPIC -m64 -std=gnu11 -Wno-tautological-constant-compare -DZMQ_HAVE_TCP_KEEPCNT    -rdynamic CMakeFiles/cmTC_e3e89.dir/src.c.o  -o cmTC_e3e89 
make[1]: Leaving directory '/home/marek/code/gary/zmq_comm/target/debug/build/zmq-sys-66865d2f789d4582/out/build/CMakeFiles/CMakeTmp'

...and run output:

Return value: 1
Source file was:

#include <sys/types.h>
#include <sys/socket.h>
#include <netinet/in.h>
#include <netinet/tcp.h>

int main(int argc, char *argv [])
{
    int s, rc, opt = 1;
    return(
       ((s = socket(PF_INET, SOCK_STREAM, 0)) == -1) ||
       ((rc = setsockopt(s, SOL_SOCKET, SO_KEEPALIVE,(char*) &opt, sizeof(int))) == -1) ||
       ((rc = setsockopt(s, IPPROTO_TCP, TCP_KEEPCNT,(char*) &opt, sizeof(int))) == -1)
    );
}

Performing C SOURCE FILE Test ZMQ_HAVE_TCP_KEEPIDLE succeeded with the following compile output:
Change Dir: /home/marek/code/gary/zmq_comm/target/debug/build/zmq-sys-66865d2f789d4582/out/build/CMakeFiles/CMakeTmp

Run Build Command:"/usr/bin/make" "cmTC_b39f4/fast"
/usr/bin/make -f CMakeFiles/cmTC_b39f4.dir/build.make CMakeFiles/cmTC_b39f4.dir/build
make[1]: Entering directory '/home/marek/code/gary/zmq_comm/target/debug/build/zmq-sys-66865d2f789d4582/out/build/CMakeFiles/CMakeTmp'
Building C object CMakeFiles/cmTC_b39f4.dir/src.c.o
/usr/bin/cc   -ffunction-sections -fdata-sections -fPIC -m64 -std=gnu11 -Wno-tautological-constant-compare -DZMQ_HAVE_TCP_KEEPIDLE   -o CMakeFiles/cmTC_b39f4.dir/src.c.o   -c /home/marek/code/gary/zmq_comm/target/debug/build/zmq-sys-66865d2f789d4582/out/build/CMakeFiles/CMakeTmp/src.c
Linking C executable cmTC_b39f4
/usr/bin/cmake -E cmake_link_script CMakeFiles/cmTC_b39f4.dir/link.txt --verbose=1
/usr/bin/cc  -ffunction-sections -fdata-sections -fPIC -m64 -std=gnu11 -Wno-tautological-constant-compare -DZMQ_HAVE_TCP_KEEPIDLE    -rdynamic CMakeFiles/cmTC_b39f4.dir/src.c.o  -o cmTC_b39f4 
make[1]: Leaving directory '/home/marek/code/gary/zmq_comm/target/debug/build/zmq-sys-66865d2f789d4582/out/build/CMakeFiles/CMakeTmp'

...and run output:

Return value: 1
Source file was:

#include <sys/types.h>
#include <sys/socket.h>
#include <netinet/in.h>
#include <netinet/tcp.h>

int main(int argc, char *argv [])
{
    int s, rc, opt = 1;
    return(
       ((s = socket(PF_INET, SOCK_STREAM, 0)) == -1) ||
       ((rc = setsockopt(s, SOL_SOCKET, SO_KEEPALIVE,(char*) &opt, sizeof(int))) == -1) ||
       ((rc = setsockopt(s, IPPROTO_TCP, TCP_KEEPIDLE,(char*) &opt, sizeof(int))) == -1)
    );
}

Performing C SOURCE FILE Test ZMQ_HAVE_TCP_KEEPINTVL succeeded with the following compile output:
Change Dir: /home/marek/code/gary/zmq_comm/target/debug/build/zmq-sys-66865d2f789d4582/out/build/CMakeFiles/CMakeTmp

Run Build Command:"/usr/bin/make" "cmTC_8c69d/fast"
/usr/bin/make -f CMakeFiles/cmTC_8c69d.dir/build.make CMakeFiles/cmTC_8c69d.dir/build
make[1]: Entering directory '/home/marek/code/gary/zmq_comm/target/debug/build/zmq-sys-66865d2f789d4582/out/build/CMakeFiles/CMakeTmp'
Building C object CMakeFiles/cmTC_8c69d.dir/src.c.o
/usr/bin/cc   -ffunction-sections -fdata-sections -fPIC -m64 -std=gnu11 -Wno-tautological-constant-compare -DZMQ_HAVE_TCP_KEEPINTVL   -o CMakeFiles/cmTC_8c69d.dir/src.c.o   -c /home/marek/code/gary/zmq_comm/target/debug/build/zmq-sys-66865d2f789d4582/out/build/CMakeFiles/CMakeTmp/src.c
Linking C executable cmTC_8c69d
/usr/bin/cmake -E cmake_link_script CMakeFiles/cmTC_8c69d.dir/link.txt --verbose=1
/usr/bin/cc  -ffunction-sections -fdata-sections -fPIC -m64 -std=gnu11 -Wno-tautological-constant-compare -DZMQ_HAVE_TCP_KEEPINTVL    -rdynamic CMakeFiles/cmTC_8c69d.dir/src.c.o  -o cmTC_8c69d 
make[1]: Leaving directory '/home/marek/code/gary/zmq_comm/target/debug/build/zmq-sys-66865d2f789d4582/out/build/CMakeFiles/CMakeTmp'

...and run output:

Return value: 1
Source file was:

#include <sys/types.h>
#include <sys/socket.h>
#include <netinet/in.h>
#include <netinet/tcp.h>

int main(int argc, char *argv [])
{
    int s, rc, opt = 1;
    return(
       ((s = socket(PF_INET, SOCK_STREAM, 0)) == -1) ||
       ((rc = setsockopt(s, SOL_SOCKET, SO_KEEPALIVE,(char*) &opt, sizeof(int))) == -1) ||
       ((rc = setsockopt(s, IPPROTO_TCP, TCP_KEEPINTVL,(char*) &opt, sizeof(int))) == -1)
    );
}


Performing C SOURCE FILE Test ZMQ_HAVE_TIPC succeeded with the following compile output:
Change Dir: /home/marek/code/gary/zmq_comm/target/debug/build/zmq-sys-66865d2f789d4582/out/build/CMakeFiles/CMakeTmp

Run Build Command:"/usr/bin/make" "cmTC_63579/fast"
/usr/bin/make -f CMakeFiles/cmTC_63579.dir/build.make CMakeFiles/cmTC_63579.dir/build
make[1]: Entering directory '/home/marek/code/gary/zmq_comm/target/debug/build/zmq-sys-66865d2f789d4582/out/build/CMakeFiles/CMakeTmp'
Building C object CMakeFiles/cmTC_63579.dir/src.c.o
/usr/bin/cc   -ffunction-sections -fdata-sections -fPIC -m64 -std=gnu11 -Wno-tautological-constant-compare -DZMQ_HAVE_TIPC   -o CMakeFiles/cmTC_63579.dir/src.c.o   -c /home/marek/code/gary/zmq_comm/target/debug/build/zmq-sys-66865d2f789d4582/out/build/CMakeFiles/CMakeTmp/src.c
Linking C executable cmTC_63579
/usr/bin/cmake -E cmake_link_script CMakeFiles/cmTC_63579.dir/link.txt --verbose=1
/usr/bin/cc  -ffunction-sections -fdata-sections -fPIC -m64 -std=gnu11 -Wno-tautological-constant-compare -DZMQ_HAVE_TIPC    -rdynamic CMakeFiles/cmTC_63579.dir/src.c.o  -o cmTC_63579 
make[1]: Leaving directory '/home/marek/code/gary/zmq_comm/target/debug/build/zmq-sys-66865d2f789d4582/out/build/CMakeFiles/CMakeTmp'

...and run output:

Return value: 1
Source file was:

#include <stdlib.h>
#include <string.h>
#include <fcntl.h>
#include <errno.h>
#include <sys/socket.h>
#include <linux/tipc.h>

int main(int argc, char *argv [])
{
    struct sockaddr_tipc topsrv;
    int sd = socket(AF_TIPC, SOCK_SEQPACKET, 0);
    memset(&topsrv, 0, sizeof(topsrv));
    topsrv.family = AF_TIPC;
    topsrv.addrtype = TIPC_ADDR_NAME;
    topsrv.addr.name.name.type = TIPC_TOP_SRV;
    topsrv.addr.name.name.instance = TIPC_TOP_SRV;
    fcntl(sd, F_SETFL, O_NONBLOCK);
}

Performing C SOURCE FILE Test ZMQ_HAVE_PTHREAD_SETNAME_2 succeeded with the following compile output:
Change Dir: /home/marek/code/gary/zmq_comm/target/debug/build/zmq-sys-66865d2f789d4582/out/build/CMakeFiles/CMakeTmp

Run Build Command:"/usr/bin/make" "cmTC_40db2/fast"
/usr/bin/make -f CMakeFiles/cmTC_40db2.dir/build.make CMakeFiles/cmTC_40db2.dir/build
make[1]: Entering directory '/home/marek/code/gary/zmq_comm/target/debug/build/zmq-sys-66865d2f789d4582/out/build/CMakeFiles/CMakeTmp'
Building C object CMakeFiles/cmTC_40db2.dir/src.c.o
/usr/bin/cc   -ffunction-sections -fdata-sections -fPIC -m64 -std=gnu11 -Wno-tautological-constant-compare -DZMQ_HAVE_PTHREAD_SETNAME_2 -D_GNU_SOURCE -Werror -pthread   -o CMakeFiles/cmTC_40db2.dir/src.c.o   -c /home/marek/code/gary/zmq_comm/target/debug/build/zmq-sys-66865d2f789d4582/out/build/CMakeFiles/CMakeTmp/src.c
Linking C executable cmTC_40db2
/usr/bin/cmake -E cmake_link_script CMakeFiles/cmTC_40db2.dir/link.txt --verbose=1
/usr/bin/cc  -ffunction-sections -fdata-sections -fPIC -m64 -std=gnu11 -Wno-tautological-constant-compare -DZMQ_HAVE_PTHREAD_SETNAME_2 -D_GNU_SOURCE -Werror -pthread    -rdynamic CMakeFiles/cmTC_40db2.dir/src.c.o  -o cmTC_40db2 
make[1]: Leaving directory '/home/marek/code/gary/zmq_comm/target/debug/build/zmq-sys-66865d2f789d4582/out/build/CMakeFiles/CMakeTmp'

...and run output:

Return value: 1
Source file was:

#include <pthread.h>

int main(int argc, char *argv [])
{
    pthread_setname_np (pthread_self(), "foo");
    return 0;
}

Performing C SOURCE FILE Test ZMQ_HAVE_PTHREAD_SETAFFINITY succeeded with the following compile output:
Change Dir: /home/marek/code/gary/zmq_comm/target/debug/build/zmq-sys-66865d2f789d4582/out/build/CMakeFiles/CMakeTmp

Run Build Command:"/usr/bin/make" "cmTC_5c7bc/fast"
/usr/bin/make -f CMakeFiles/cmTC_5c7bc.dir/build.make CMakeFiles/cmTC_5c7bc.dir/build
make[1]: Entering directory '/home/marek/code/gary/zmq_comm/target/debug/build/zmq-sys-66865d2f789d4582/out/build/CMakeFiles/CMakeTmp'
Building C object CMakeFiles/cmTC_5c7bc.dir/src.c.o
/usr/bin/cc   -ffunction-sections -fdata-sections -fPIC -m64 -std=gnu11 -Wno-tautological-constant-compare -DZMQ_HAVE_PTHREAD_SETAFFINITY -D_GNU_SOURCE -Werror -pthread   -o CMakeFiles/cmTC_5c7bc.dir/src.c.o   -c /home/marek/code/gary/zmq_comm/target/debug/build/zmq-sys-66865d2f789d4582/out/build/CMakeFiles/CMakeTmp/src.c
Linking C executable cmTC_5c7bc
/usr/bin/cmake -E cmake_link_script CMakeFiles/cmTC_5c7bc.dir/link.txt --verbose=1
/usr/bin/cc  -ffunction-sections -fdata-sections -fPIC -m64 -std=gnu11 -Wno-tautological-constant-compare -DZMQ_HAVE_PTHREAD_SETAFFINITY -D_GNU_SOURCE -Werror -pthread    -rdynamic CMakeFiles/cmTC_5c7bc.dir/src.c.o  -o cmTC_5c7bc 
make[1]: Leaving directory '/home/marek/code/gary/zmq_comm/target/debug/build/zmq-sys-66865d2f789d4582/out/build/CMakeFiles/CMakeTmp'

...and run output:

Return value: 1
Source file was:

#include <pthread.h>

int main(int argc, char *argv [])
{
    cpu_set_t test; 
    pthread_setaffinity_np (pthread_self(), sizeof(cpu_set_t), &test);
    return 0;
}

Performing C SOURCE FILE Test ZMQ_HAVE_GETRANDOM succeeded with the following compile output:
Change Dir: /home/marek/code/gary/zmq_comm/target/debug/build/zmq-sys-66865d2f789d4582/out/build/CMakeFiles/CMakeTmp

Run Build Command:"/usr/bin/make" "cmTC_c0d30/fast"
/usr/bin/make -f CMakeFiles/cmTC_c0d30.dir/build.make CMakeFiles/cmTC_c0d30.dir/build
make[1]: Entering directory '/home/marek/code/gary/zmq_comm/target/debug/build/zmq-sys-66865d2f789d4582/out/build/CMakeFiles/CMakeTmp'
Building C object CMakeFiles/cmTC_c0d30.dir/src.c.o
/usr/bin/cc   -ffunction-sections -fdata-sections -fPIC -m64 -std=gnu11 -Wno-tautological-constant-compare -DZMQ_HAVE_GETRANDOM   -o CMakeFiles/cmTC_c0d30.dir/src.c.o   -c /home/marek/code/gary/zmq_comm/target/debug/build/zmq-sys-66865d2f789d4582/out/build/CMakeFiles/CMakeTmp/src.c
Linking C executable cmTC_c0d30
/usr/bin/cmake -E cmake_link_script CMakeFiles/cmTC_c0d30.dir/link.txt --verbose=1
/usr/bin/cc  -ffunction-sections -fdata-sections -fPIC -m64 -std=gnu11 -Wno-tautological-constant-compare -DZMQ_HAVE_GETRANDOM    -rdynamic CMakeFiles/cmTC_c0d30.dir/src.c.o  -o cmTC_c0d30 
make[1]: Leaving directory '/home/marek/code/gary/zmq_comm/target/debug/build/zmq-sys-66865d2f789d4582/out/build/CMakeFiles/CMakeTmp'

...and run output:

Return value: 1
Source file was:

#include <sys/random.h>

int main (int argc, char *argv [])
{
    char buf[4];
    int rc = getrandom(buf, 4, 0);
    return rc == -1 ? 1 : 0;
}

